{"/home/travis/build/npmtest/node-npmtest-officegen/test.js":{"path":"/home/travis/build/npmtest/node-npmtest-officegen/test.js","s":{"1":2,"2":2,"3":2,"4":2,"5":2,"6":2,"7":2,"8":1,"9":2,"10":2,"11":1,"12":1,"13":1,"14":1,"15":2,"16":2,"17":2,"18":2,"19":1,"20":1,"21":2,"22":2,"23":2,"24":1,"25":1,"26":1,"27":1,"28":1,"29":1,"30":1,"31":1,"32":1,"33":1,"34":1,"35":1,"36":1,"37":1,"38":1,"39":2,"40":2,"41":1,"42":2,"43":2,"44":1,"45":2,"46":2,"47":1,"48":2,"49":2,"50":1,"51":1,"52":1,"53":1,"54":1},"b":{"1":[2,1,1,1],"2":[1,1,1,1],"3":[1,1],"4":[1,1],"5":[1,1],"6":[1,1],"7":[1,1],"8":[1,1],"9":[1,1],"10":[1,1,1],"11":[1,1],"12":[1,1],"13":[1,1],"14":[1,1],"15":[1,1],"16":[1,1],"17":[1,1]},"f":{"1":2,"2":2,"3":2,"4":2,"5":2,"6":1,"7":1,"8":1,"9":2,"10":2,"11":2,"12":2,"13":1},"fnMap":{"1":{"name":"(anonymous_1)","line":12,"loc":{"start":{"line":12,"column":1},"end":{"line":12,"column":13}}},"2":{"name":"(anonymous_2)","line":19,"loc":{"start":{"line":19,"column":5},"end":{"line":19,"column":17}}},"3":{"name":"(anonymous_3)","line":23,"loc":{"start":{"line":23,"column":24},"end":{"line":23,"column":36}}},"4":{"name":"(anonymous_4)","line":61,"loc":{"start":{"line":61,"column":5},"end":{"line":61,"column":17}}},"5":{"name":"(anonymous_5)","line":82,"loc":{"start":{"line":82,"column":5},"end":{"line":82,"column":17}}},"6":{"name":"(anonymous_6)","line":91,"loc":{"start":{"line":91,"column":77},"end":{"line":94,"column":10}}},"7":{"name":"(anonymous_7)","line":112,"loc":{"start":{"line":112,"column":83},"end":{"line":115,"column":10}},"skip":true},"8":{"name":"(anonymous_8)","line":123,"loc":{"start":{"line":123,"column":77},"end":{"line":126,"column":10}},"skip":true},"9":{"name":"(anonymous_9)","line":139,"loc":{"start":{"line":139,"column":12},"end":{"line":139,"column":40}},"skip":true},"10":{"name":"(anonymous_10)","line":147,"loc":{"start":{"line":147,"column":77},"end":{"line":150,"column":10}},"skip":true},"11":{"name":"(anonymous_11)","line":158,"loc":{"start":{"line":158,"column":83},"end":{"line":161,"column":10}},"skip":true},"12":{"name":"(anonymous_12)","line":169,"loc":{"start":{"line":169,"column":79},"end":{"line":172,"column":10}},"skip":true},"13":{"name":"(anonymous_13)","line":180,"loc":{"start":{"line":180,"column":75},"end":{"line":183,"column":10}},"skip":true}},"statementMap":{"1":{"start":{"line":12,"column":0},"end":{"line":195,"column":5}},"2":{"start":{"line":14,"column":4},"end":{"line":14,"column":14}},"3":{"start":{"line":19,"column":4},"end":{"line":56,"column":9}},"4":{"start":{"line":21,"column":8},"end":{"line":21,"column":19}},"5":{"start":{"line":23,"column":8},"end":{"line":35,"column":13}},"6":{"start":{"line":24,"column":12},"end":{"line":34,"column":13}},"7":{"start":{"line":25,"column":16},"end":{"line":28,"column":30}},"8":{"start":{"line":30,"column":16},"end":{"line":33,"column":27}},"9":{"start":{"line":37,"column":8},"end":{"line":39,"column":21}},"10":{"start":{"line":40,"column":8},"end":{"line":53,"column":9}},"11":{"start":{"line":43,"column":12},"end":{"line":46,"column":14}},"12":{"start":{"line":47,"column":12},"end":{"line":47,"column":18}},"13":{"start":{"line":50,"column":12},"end":{"line":51,"column":46}},"14":{"start":{"line":52,"column":12},"end":{"line":52,"column":18}},"15":{"start":{"line":55,"column":8},"end":{"line":55,"column":35}},"16":{"start":{"line":61,"column":4},"end":{"line":63,"column":9}},"17":{"start":{"line":62,"column":8},"end":{"line":62,"column":15}},"18":{"start":{"line":64,"column":4},"end":{"line":77,"column":5}},"19":{"start":{"line":70,"column":8},"end":{"line":70,"column":14}},"20":{"start":{"line":76,"column":8},"end":{"line":76,"column":14}},"21":{"start":{"line":82,"column":4},"end":{"line":84,"column":9}},"22":{"start":{"line":83,"column":8},"end":{"line":83,"column":15}},"23":{"start":{"line":85,"column":4},"end":{"line":194,"column":5}},"24":{"start":{"line":91,"column":8},"end":{"line":99,"column":10}},"25":{"start":{"line":98,"column":12},"end":{"line":98,"column":35}},"26":{"start":{"line":102,"column":8},"end":{"line":104,"column":63}},"27":{"start":{"line":105,"column":8},"end":{"line":105,"column":14}},"28":{"start":{"line":112,"column":8},"end":{"line":121,"column":10},"skip":true},"29":{"start":{"line":119,"column":12},"end":{"line":119,"column":55},"skip":true},"30":{"start":{"line":120,"column":12},"end":{"line":120,"column":48},"skip":true},"31":{"start":{"line":123,"column":8},"end":{"line":136,"column":10},"skip":true},"32":{"start":{"line":130,"column":12},"end":{"line":130,"column":76},"skip":true},"33":{"start":{"line":131,"column":12},"end":{"line":131,"column":73},"skip":true},"34":{"start":{"line":132,"column":12},"end":{"line":132,"column":74},"skip":true},"35":{"start":{"line":133,"column":12},"end":{"line":133,"column":79},"skip":true},"36":{"start":{"line":134,"column":12},"end":{"line":134,"column":25},"skip":true},"37":{"start":{"line":135,"column":12},"end":{"line":135,"column":45},"skip":true},"38":{"start":{"line":138,"column":8},"end":{"line":145,"column":14},"skip":true},"39":{"start":{"line":143,"column":16},"end":{"line":143,"column":29},"skip":true},"40":{"start":{"line":144,"column":16},"end":{"line":144,"column":55},"skip":true},"41":{"start":{"line":147,"column":8},"end":{"line":156,"column":10},"skip":true},"42":{"start":{"line":154,"column":12},"end":{"line":154,"column":25},"skip":true},"43":{"start":{"line":155,"column":12},"end":{"line":155,"column":45},"skip":true},"44":{"start":{"line":158,"column":8},"end":{"line":167,"column":10},"skip":true},"45":{"start":{"line":165,"column":12},"end":{"line":165,"column":25},"skip":true},"46":{"start":{"line":166,"column":12},"end":{"line":166,"column":48},"skip":true},"47":{"start":{"line":169,"column":8},"end":{"line":178,"column":10},"skip":true},"48":{"start":{"line":176,"column":12},"end":{"line":176,"column":25},"skip":true},"49":{"start":{"line":177,"column":12},"end":{"line":177,"column":46},"skip":true},"50":{"start":{"line":180,"column":8},"end":{"line":189,"column":10},"skip":true},"51":{"start":{"line":187,"column":12},"end":{"line":187,"column":94},"skip":true},"52":{"start":{"line":188,"column":12},"end":{"line":188,"column":48},"skip":true},"53":{"start":{"line":192,"column":8},"end":{"line":192,"column":35},"skip":true},"54":{"start":{"line":193,"column":8},"end":{"line":193,"column":14},"skip":true}},"branchMap":{"1":{"line":25,"type":"binary-expr","locations":[{"start":{"line":25,"column":23},"end":{"line":25,"column":62}},{"start":{"line":26,"column":20},"end":{"line":26,"column":70}},{"start":{"line":27,"column":20},"end":{"line":27,"column":71}},{"start":{"line":28,"column":20},"end":{"line":28,"column":29}}]},"2":{"line":30,"type":"binary-expr","locations":[{"start":{"line":30,"column":23},"end":{"line":30,"column":37}},{"start":{"line":31,"column":20},"end":{"line":31,"column":61}},{"start":{"line":32,"column":20},"end":{"line":32,"column":70}},{"start":{"line":33,"column":20},"end":{"line":33,"column":26}}]},"3":{"line":37,"type":"cond-expr","locations":[{"start":{"line":38,"column":14},"end":{"line":38,"column":20}},{"start":{"line":39,"column":14},"end":{"line":39,"column":20}}]},"4":{"line":40,"type":"switch","locations":[{"start":{"line":42,"column":8},"end":{"line":47,"column":18}},{"start":{"line":49,"column":8},"end":{"line":52,"column":18}}]},"5":{"line":44,"type":"binary-expr","locations":[{"start":{"line":44,"column":16},"end":{"line":44,"column":44}},{"start":{"line":44,"column":48},"end":{"line":44,"column":66}}]},"6":{"line":50,"type":"binary-expr","locations":[{"start":{"line":50,"column":21},"end":{"line":50,"column":49}},{"start":{"line":50,"column":53},"end":{"line":50,"column":72}}]},"7":{"line":64,"type":"switch","locations":[{"start":{"line":69,"column":4},"end":{"line":70,"column":14}},{"start":{"line":75,"column":4},"end":{"line":76,"column":14}}]},"8":{"line":85,"type":"switch","locations":[{"start":{"line":90,"column":4},"end":{"line":105,"column":14}},{"start":{"line":111,"column":4},"end":{"line":193,"column":14},"skip":true}]},"9":{"line":91,"type":"binary-expr","locations":[{"start":{"line":91,"column":42},"end":{"line":91,"column":73}},{"start":{"line":91,"column":77},"end":{"line":99,"column":9}}]},"10":{"line":102,"type":"binary-expr","locations":[{"start":{"line":102,"column":18},"end":{"line":102,"column":32}},{"start":{"line":103,"column":12},"end":{"line":103,"column":53}},{"start":{"line":104,"column":12},"end":{"line":104,"column":61}}]},"11":{"line":112,"type":"binary-expr","locations":[{"start":{"line":112,"column":45},"end":{"line":112,"column":79},"skip":true},{"start":{"line":112,"column":83},"end":{"line":121,"column":9},"skip":true}]},"12":{"line":123,"type":"binary-expr","locations":[{"start":{"line":123,"column":42},"end":{"line":123,"column":73},"skip":true},{"start":{"line":123,"column":77},"end":{"line":136,"column":9},"skip":true}]},"13":{"line":138,"type":"binary-expr","locations":[{"start":{"line":138,"column":48},"end":{"line":138,"column":85},"skip":true},{"start":{"line":139,"column":12},"end":{"line":145,"column":13},"skip":true}]},"14":{"line":147,"type":"binary-expr","locations":[{"start":{"line":147,"column":42},"end":{"line":147,"column":73},"skip":true},{"start":{"line":147,"column":77},"end":{"line":156,"column":9},"skip":true}]},"15":{"line":158,"type":"binary-expr","locations":[{"start":{"line":158,"column":45},"end":{"line":158,"column":79},"skip":true},{"start":{"line":158,"column":83},"end":{"line":167,"column":9},"skip":true}]},"16":{"line":169,"type":"binary-expr","locations":[{"start":{"line":169,"column":43},"end":{"line":169,"column":75},"skip":true},{"start":{"line":169,"column":79},"end":{"line":178,"column":9},"skip":true}]},"17":{"line":180,"type":"binary-expr","locations":[{"start":{"line":180,"column":41},"end":{"line":180,"column":71},"skip":true},{"start":{"line":180,"column":75},"end":{"line":189,"column":9},"skip":true}]}},"code":["/* istanbul instrument in package npmtest_officegen */","/*jslint","    bitwise: true,","    browser: true,","    maxerr: 8,","    maxlen: 96,","    node: true,","    nomen: true,","    regexp: true,","    stupid: true","*/","(function () {","    'use strict';","    var local;","","","","    // run shared js-env code - pre-init","    (function () {","        // init local","        local = {};","        // init modeJs","        local.modeJs = (function () {","            try {","                return typeof navigator.userAgent === 'string' &&","                    typeof document.querySelector('body') === 'object' &&","                    typeof XMLHttpRequest.prototype.open === 'function' &&","                    'browser';","            } catch (errorCaughtBrowser) {","                return module.exports &&","                    typeof process.versions.node === 'string' &&","                    typeof require('http').createServer === 'function' &&","                    'node';","            }","        }());","        // init global","        local.global = local.modeJs === 'browser'","            ? window","            : global;","        switch (local.modeJs) {","        // re-init local from window.local","        case 'browser':","            local = local.global.utility2.objectSetDefault(","                local.global.utility2_rollup || local.global.local,","                local.global.utility2","            );","            break;","        // re-init local from example.js","        case 'node':","            local = (local.global.utility2_rollup || require('utility2'))","                .requireExampleJsFromReadme();","            break;","        }","        // export local","        local.global.local = local;","    }());","","","","    // run shared js-env code - function","    (function () {","        return;","    }());","    switch (local.modeJs) {","","","","    // run browser js-env code - function","    case 'browser':","        break;","","","","    // run node js-env code - function","    case 'node':","        break;","    }","","","","    // run shared js-env code - post-init","    (function () {","        return;","    }());","    switch (local.modeJs) {","","","","    // run browser js-env code - post-init","    case 'browser':","        local.testCase_browser_nullCase = local.testCase_browser_nullCase || function (","            options,","            onError","        ) {","        /*","         * this function will test browsers's null-case handling-behavior-behavior","         */","            onError(null, options);","        };","","        // run tests","        local.nop(local.modeTest &&","            document.querySelector('#testRunButton1') &&","            document.querySelector('#testRunButton1').click());","        break;","","","","    // run node js-env code - post-init","    /* istanbul ignore next */","    case 'node':","        local.testCase_buildApidoc_default = local.testCase_buildApidoc_default || function (","            options,","            onError","        ) {","        /*","         * this function will test buildApidoc's default handling-behavior-behavior","         */","            options = { modulePathList: module.paths };","            local.buildApidoc(options, onError);","        };","","        local.testCase_buildApp_default = local.testCase_buildApp_default || function (","            options,","            onError","        ) {","        /*","         * this function will test buildApp's default handling-behavior-behavior","         */","            local.testCase_buildReadme_default(options, local.onErrorThrow);","            local.testCase_buildLib_default(options, local.onErrorThrow);","            local.testCase_buildTest_default(options, local.onErrorThrow);","            local.testCase_buildCustomOrg_default(options, local.onErrorThrow);","            options = [];","            local.buildApp(options, onError);","        };","","        local.testCase_buildCustomOrg_default = local.testCase_buildCustomOrg_default ||","            function (options, onError) {","            /*","             * this function will test buildCustomOrg's default handling-behavior","             */","                options = {};","                local.buildCustomOrg(options, onError);","            };","","        local.testCase_buildLib_default = local.testCase_buildLib_default || function (","            options,","            onError","        ) {","        /*","         * this function will test buildLib's default handling-behavior","         */","            options = {};","            local.buildLib(options, onError);","        };","","        local.testCase_buildReadme_default = local.testCase_buildReadme_default || function (","            options,","            onError","        ) {","        /*","         * this function will test buildReadme's default handling-behavior-behavior","         */","            options = {};","            local.buildReadme(options, onError);","        };","","        local.testCase_buildTest_default = local.testCase_buildTest_default || function (","            options,","            onError","        ) {","        /*","         * this function will test buildTest's default handling-behavior","         */","            options = {};","            local.buildTest(options, onError);","        };","","        local.testCase_webpage_default = local.testCase_webpage_default || function (","            options,","            onError","        ) {","        /*","         * this function will test webpage's default handling-behavior","         */","            options = { modeCoverageMerge: true, url: local.serverLocalHost + '?modeTest=1' };","            local.browserTest(options, onError);","        };","","        // run test-server","        local.testRunServer(local);","        break;","    }","}());",""],"l":{"12":2,"14":2,"19":2,"21":2,"23":2,"24":2,"25":2,"30":1,"37":2,"40":2,"43":1,"47":1,"50":1,"52":1,"55":2,"61":2,"62":2,"64":2,"70":1,"76":1,"82":2,"83":2,"85":2,"91":1,"98":1,"102":1,"105":1,"112":1,"119":1,"120":1,"123":1,"130":1,"131":1,"132":1,"133":1,"134":1,"135":1,"138":1,"143":2,"144":2,"147":1,"154":2,"155":2,"158":1,"165":2,"166":2,"169":1,"176":2,"177":2,"180":1,"187":1,"188":1,"192":1,"193":1}},"/home/travis/build/npmtest/node-npmtest-officegen/lib.npmtest_officegen.js":{"path":"/home/travis/build/npmtest/node-npmtest-officegen/lib.npmtest_officegen.js","s":{"1":2,"2":2,"3":2,"4":2,"5":2,"6":2,"7":2,"8":1,"9":2,"10":2,"11":2,"12":2,"13":1,"14":1,"15":1,"16":1},"b":{"1":[2,1,1,1],"2":[1,1,1,1],"3":[1,1],"4":[2,2],"5":[1,1]},"f":{"1":2,"2":2,"3":2},"fnMap":{"1":{"name":"(anonymous_1)","line":12,"loc":{"start":{"line":12,"column":1},"end":{"line":12,"column":13}}},"2":{"name":"(anonymous_2)","line":19,"loc":{"start":{"line":19,"column":5},"end":{"line":19,"column":17}}},"3":{"name":"(anonymous_3)","line":23,"loc":{"start":{"line":23,"column":24},"end":{"line":23,"column":36}}}},"statementMap":{"1":{"start":{"line":12,"column":0},"end":{"line":53,"column":5}},"2":{"start":{"line":14,"column":4},"end":{"line":14,"column":14}},"3":{"start":{"line":19,"column":4},"end":{"line":52,"column":9}},"4":{"start":{"line":21,"column":8},"end":{"line":21,"column":19}},"5":{"start":{"line":23,"column":8},"end":{"line":35,"column":13}},"6":{"start":{"line":24,"column":12},"end":{"line":34,"column":13}},"7":{"start":{"line":25,"column":16},"end":{"line":28,"column":30}},"8":{"start":{"line":30,"column":16},"end":{"line":33,"column":27}},"9":{"start":{"line":37,"column":8},"end":{"line":39,"column":21}},"10":{"start":{"line":41,"column":8},"end":{"line":41,"column":54}},"11":{"start":{"line":43,"column":8},"end":{"line":43,"column":54}},"12":{"start":{"line":45,"column":8},"end":{"line":51,"column":9}},"13":{"start":{"line":46,"column":12},"end":{"line":46,"column":60}},"14":{"start":{"line":48,"column":12},"end":{"line":48,"column":35}},"15":{"start":{"line":49,"column":12},"end":{"line":49,"column":49}},"16":{"start":{"line":50,"column":12},"end":{"line":50,"column":43}}},"branchMap":{"1":{"line":25,"type":"binary-expr","locations":[{"start":{"line":25,"column":23},"end":{"line":25,"column":62}},{"start":{"line":26,"column":20},"end":{"line":26,"column":70}},{"start":{"line":27,"column":20},"end":{"line":27,"column":71}},{"start":{"line":28,"column":20},"end":{"line":28,"column":29}}]},"2":{"line":30,"type":"binary-expr","locations":[{"start":{"line":30,"column":23},"end":{"line":30,"column":37}},{"start":{"line":31,"column":20},"end":{"line":31,"column":61}},{"start":{"line":32,"column":20},"end":{"line":32,"column":70}},{"start":{"line":33,"column":20},"end":{"line":33,"column":26}}]},"3":{"line":37,"type":"cond-expr","locations":[{"start":{"line":38,"column":14},"end":{"line":38,"column":20}},{"start":{"line":39,"column":14},"end":{"line":39,"column":20}}]},"4":{"line":41,"type":"binary-expr","locations":[{"start":{"line":41,"column":16},"end":{"line":41,"column":44}},{"start":{"line":41,"column":48},"end":{"line":41,"column":53}}]},"5":{"line":45,"type":"if","locations":[{"start":{"line":45,"column":8},"end":{"line":45,"column":8}},{"start":{"line":45,"column":8},"end":{"line":45,"column":8}}]}},"code":["/* istanbul instrument in package npmtest_officegen */","/*jslint","    bitwise: true,","    browser: true,","    maxerr: 8,","    maxlen: 96,","    node: true,","    nomen: true,","    regexp: true,","    stupid: true","*/","(function () {","    'use strict';","    var local;","","","","    // run shared js-env code - pre-init","    (function () {","        // init local","        local = {};","        // init modeJs","        local.modeJs = (function () {","            try {","                return typeof navigator.userAgent === 'string' &&","                    typeof document.querySelector('body') === 'object' &&","                    typeof XMLHttpRequest.prototype.open === 'function' &&","                    'browser';","            } catch (errorCaughtBrowser) {","                return module.exports &&","                    typeof process.versions.node === 'string' &&","                    typeof require('http').createServer === 'function' &&","                    'node';","            }","        }());","        // init global","        local.global = local.modeJs === 'browser'","            ? window","            : global;","        // init utility2_rollup","        local = local.global.utility2_rollup || local;","        // init lib","        local.local = local.npmtest_officegen = local;","        // init exports","        if (local.modeJs === 'browser') {","            local.global.utility2_npmtest_officegen = local;","        } else {","            module.exports = local;","            module.exports.__dirname = __dirname;","            module.exports.module = module;","        }","    }());","}());",""],"l":{"12":2,"14":2,"19":2,"21":2,"23":2,"24":2,"25":2,"30":1,"37":2,"41":2,"43":2,"45":2,"46":1,"48":1,"49":1,"50":1}},"/home/travis/build/npmtest/node-npmtest-officegen/example.js":{"path":"/home/travis/build/npmtest/node-npmtest-officegen/example.js","s":{"1":2,"2":2,"3":2,"4":2,"5":2,"6":2,"7":2,"8":1,"9":2,"10":2,"11":2,"12":2,"13":1,"14":2,"15":2,"16":2,"17":2,"18":2,"19":0,"20":2,"21":1,"22":1,"23":1,"24":1,"25":1,"26":0,"27":0,"28":1,"29":1,"30":2,"31":0,"32":0,"33":0,"34":1,"35":2,"36":2,"37":3,"38":3,"39":3,"40":3,"41":0,"42":3,"43":3,"44":3,"45":1,"46":3,"47":1,"48":1,"49":1,"50":1,"51":1,"52":1,"53":1,"54":1,"55":1,"56":1,"57":0,"58":1,"59":6,"60":6,"61":1,"62":2,"63":0,"64":2,"65":1,"66":1,"67":0,"68":0,"69":0,"70":0,"71":0,"72":0,"73":0,"74":0,"75":0,"76":0,"77":0,"78":0,"79":0,"80":0,"81":0,"82":0,"83":0},"b":{"1":[2,1,1,1],"2":[1,1,1,1],"3":[1,1],"4":[2,2],"5":[1,1],"6":[1,1],"7":[2,0],"8":[2,1,1,1,1,1],"9":[0,2,0],"10":[1,1],"11":[2,1,1],"12":[1,0],"13":[0,2],"14":[2,0,0,0,0,0,0],"15":[0,3],"16":[3,0],"17":[1,1],"18":[0,1],"19":[1,2,0,2],"20":[1,0],"21":[1,1],"22":[0,0],"23":[0,0],"24":[0,0],"25":[0,0],"26":[0,0],"27":[0,0],"28":[0,0]},"f":{"1":2,"2":2,"3":2,"4":2,"5":2,"6":2,"7":3,"8":3,"9":3,"10":1,"11":6,"12":0},"fnMap":{"1":{"name":"(anonymous_1)","line":26,"loc":{"start":{"line":26,"column":1},"end":{"line":26,"column":13}}},"2":{"name":"(anonymous_2)","line":33,"loc":{"start":{"line":33,"column":5},"end":{"line":33,"column":17}}},"3":{"name":"(anonymous_3)","line":37,"loc":{"start":{"line":37,"column":24},"end":{"line":37,"column":36}}},"4":{"name":"(anonymous_4)","line":69,"loc":{"start":{"line":69,"column":31},"end":{"line":69,"column":48}},"skip":true},"5":{"name":"(anonymous_5)","line":78,"loc":{"start":{"line":78,"column":26},"end":{"line":78,"column":45}},"skip":true},"6":{"name":"(anonymous_6)","line":123,"loc":{"start":{"line":123,"column":33},"end":{"line":123,"column":48}},"skip":true},"7":{"name":"(anonymous_7)","line":125,"loc":{"start":{"line":125,"column":27},"end":{"line":125,"column":39}},"skip":true},"8":{"name":"(anonymous_8)","line":133,"loc":{"start":{"line":133,"column":59},"end":{"line":133,"column":74}},"skip":true},"9":{"name":"(anonymous_9)","line":143,"loc":{"start":{"line":143,"column":45},"end":{"line":143,"column":62}},"skip":true},"10":{"name":"(anonymous_10)","line":144,"loc":{"start":{"line":144,"column":73},"end":{"line":144,"column":92}},"skip":true},"11":{"name":"(anonymous_11)","line":272,"loc":{"start":{"line":272,"column":51},"end":{"line":272,"column":77}},"skip":true},"12":{"name":"(anonymous_12)","line":315,"loc":{"start":{"line":315,"column":32},"end":{"line":315,"column":61}},"skip":true}},"statementMap":{"1":{"start":{"line":26,"column":0},"end":{"line":326,"column":5}},"2":{"start":{"line":28,"column":4},"end":{"line":28,"column":14}},"3":{"start":{"line":33,"column":4},"end":{"line":60,"column":9}},"4":{"start":{"line":35,"column":8},"end":{"line":35,"column":19}},"5":{"start":{"line":37,"column":8},"end":{"line":49,"column":13}},"6":{"start":{"line":38,"column":12},"end":{"line":48,"column":13}},"7":{"start":{"line":39,"column":16},"end":{"line":42,"column":30}},"8":{"start":{"line":44,"column":16},"end":{"line":47,"column":27}},"9":{"start":{"line":51,"column":8},"end":{"line":53,"column":21}},"10":{"start":{"line":55,"column":8},"end":{"line":57,"column":45}},"11":{"start":{"line":59,"column":8},"end":{"line":59,"column":35}},"12":{"start":{"line":61,"column":4},"end":{"line":325,"column":5}},"13":{"start":{"line":69,"column":8},"end":{"line":121,"column":10},"skip":true},"14":{"start":{"line":70,"column":12},"end":{"line":88,"column":13},"skip":true},"15":{"start":{"line":76,"column":16},"end":{"line":87,"column":19},"skip":true},"16":{"start":{"line":79,"column":20},"end":{"line":86,"column":21},"skip":true},"17":{"start":{"line":82,"column":24},"end":{"line":82,"column":43},"skip":true},"18":{"start":{"line":83,"column":24},"end":{"line":83,"column":30},"skip":true},"19":{"start":{"line":85,"column":24},"end":{"line":85,"column":49},"skip":true},"20":{"start":{"line":89,"column":12},"end":{"line":107,"column":13},"skip":true},"21":{"start":{"line":92,"column":16},"end":{"line":102,"column":17},"skip":true},"22":{"start":{"line":93,"column":20},"end":{"line":93,"column":86},"skip":true},"23":{"start":{"line":94,"column":20},"end":{"line":95,"column":45},"skip":true},"24":{"start":{"line":96,"column":20},"end":{"line":96,"column":42},"skip":true},"25":{"start":{"line":97,"column":20},"end":{"line":97,"column":48},"skip":true},"26":{"start":{"line":100,"column":20},"end":{"line":100,"column":85},"skip":true},"27":{"start":{"line":101,"column":20},"end":{"line":101,"column":96},"skip":true},"28":{"start":{"line":103,"column":16},"end":{"line":103,"column":22},"skip":true},"29":{"start":{"line":106,"column":16},"end":{"line":106,"column":22},"skip":true},"30":{"start":{"line":108,"column":12},"end":{"line":120,"column":13},"skip":true},"31":{"start":{"line":114,"column":16},"end":{"line":119,"column":17},"skip":true},"32":{"start":{"line":116,"column":20},"end":{"line":116,"column":78},"skip":true},"33":{"start":{"line":118,"column":20},"end":{"line":118,"column":47},"skip":true},"34":{"start":{"line":123,"column":8},"end":{"line":141,"column":11},"skip":true},"35":{"start":{"line":124,"column":12},"end":{"line":124,"column":54},"skip":true},"36":{"start":{"line":125,"column":12},"end":{"line":140,"column":14},"skip":true},"37":{"start":{"line":126,"column":16},"end":{"line":126,"column":28},"skip":true},"38":{"start":{"line":127,"column":16},"end":{"line":127,"column":69},"skip":true},"39":{"start":{"line":128,"column":16},"end":{"line":128,"column":75},"skip":true},"40":{"start":{"line":129,"column":16},"end":{"line":131,"column":17},"skip":true},"41":{"start":{"line":130,"column":20},"end":{"line":130,"column":27},"skip":true},"42":{"start":{"line":133,"column":16},"end":{"line":137,"column":36},"skip":true},"43":{"start":{"line":134,"column":20},"end":{"line":136,"column":55},"skip":true},"44":{"start":{"line":139,"column":16},"end":{"line":139,"column":57},"skip":true},"45":{"start":{"line":143,"column":8},"end":{"line":147,"column":11},"skip":true},"46":{"start":{"line":144,"column":12},"end":{"line":146,"column":15},"skip":true},"47":{"start":{"line":145,"column":16},"end":{"line":145,"column":70},"skip":true},"48":{"start":{"line":149,"column":8},"end":{"line":149,"column":31},"skip":true},"49":{"start":{"line":150,"column":8},"end":{"line":150,"column":14},"skip":true},"50":{"start":{"line":158,"column":8},"end":{"line":158,"column":31},"skip":true},"51":{"start":{"line":160,"column":8},"end":{"line":160,"column":33},"skip":true},"52":{"start":{"line":161,"column":8},"end":{"line":161,"column":37},"skip":true},"53":{"start":{"line":162,"column":8},"end":{"line":162,"column":35},"skip":true},"54":{"start":{"line":164,"column":8},"end":{"line":164,"column":50},"skip":true},"55":{"start":{"line":166,"column":8},"end":{"line":256,"column":2},"skip":true},"56":{"start":{"line":258,"column":8},"end":{"line":286,"column":9},"skip":true},"57":{"start":{"line":259,"column":12},"end":{"line":269,"column":14},"skip":true},"58":{"start":{"line":271,"column":12},"end":{"line":285,"column":19},"skip":true},"59":{"start":{"line":274,"column":20},"end":{"line":274,"column":35},"skip":true},"60":{"start":{"line":275,"column":20},"end":{"line":284,"column":21},"skip":true},"61":{"start":{"line":277,"column":24},"end":{"line":277,"column":64},"skip":true},"62":{"start":{"line":279,"column":24},"end":{"line":279,"column":40},"skip":true},"63":{"start":{"line":281,"column":24},"end":{"line":281,"column":40},"skip":true},"64":{"start":{"line":283,"column":24},"end":{"line":283,"column":39},"skip":true},"65":{"start":{"line":288,"column":8},"end":{"line":290,"column":9},"skip":true},"66":{"start":{"line":289,"column":12},"end":{"line":289,"column":18},"skip":true},"67":{"start":{"line":291,"column":8},"end":{"line":293,"column":54},"skip":true},"68":{"start":{"line":296,"column":8},"end":{"line":301,"column":37},"skip":true},"69":{"start":{"line":303,"column":8},"end":{"line":303,"column":82},"skip":true},"70":{"start":{"line":306,"column":8},"end":{"line":308,"column":9},"skip":true},"71":{"start":{"line":307,"column":12},"end":{"line":307,"column":82},"skip":true},"72":{"start":{"line":310,"column":8},"end":{"line":312,"column":9},"skip":true},"73":{"start":{"line":311,"column":12},"end":{"line":311,"column":18},"skip":true},"74":{"start":{"line":313,"column":8},"end":{"line":313,"column":54},"skip":true},"75":{"start":{"line":314,"column":8},"end":{"line":314,"column":69},"skip":true},"76":{"start":{"line":315,"column":8},"end":{"line":323,"column":36},"skip":true},"77":{"start":{"line":316,"column":12},"end":{"line":316,"column":61},"skip":true},"78":{"start":{"line":317,"column":12},"end":{"line":320,"column":13},"skip":true},"79":{"start":{"line":318,"column":16},"end":{"line":318,"column":75},"skip":true},"80":{"start":{"line":319,"column":16},"end":{"line":319,"column":23},"skip":true},"81":{"start":{"line":321,"column":12},"end":{"line":321,"column":38},"skip":true},"82":{"start":{"line":322,"column":12},"end":{"line":322,"column":27},"skip":true},"83":{"start":{"line":324,"column":8},"end":{"line":324,"column":14},"skip":true}},"branchMap":{"1":{"line":39,"type":"binary-expr","locations":[{"start":{"line":39,"column":23},"end":{"line":39,"column":62}},{"start":{"line":40,"column":20},"end":{"line":40,"column":70}},{"start":{"line":41,"column":20},"end":{"line":41,"column":71}},{"start":{"line":42,"column":20},"end":{"line":42,"column":29}}]},"2":{"line":44,"type":"binary-expr","locations":[{"start":{"line":44,"column":23},"end":{"line":44,"column":37}},{"start":{"line":45,"column":20},"end":{"line":45,"column":61}},{"start":{"line":46,"column":20},"end":{"line":46,"column":70}},{"start":{"line":47,"column":20},"end":{"line":47,"column":26}}]},"3":{"line":51,"type":"cond-expr","locations":[{"start":{"line":52,"column":14},"end":{"line":52,"column":20}},{"start":{"line":53,"column":14},"end":{"line":53,"column":20}}]},"4":{"line":55,"type":"binary-expr","locations":[{"start":{"line":55,"column":16},"end":{"line":55,"column":44}},{"start":{"line":55,"column":49},"end":{"line":57,"column":43}}]},"5":{"line":55,"type":"cond-expr","locations":[{"start":{"line":56,"column":14},"end":{"line":56,"column":53}},{"start":{"line":57,"column":14},"end":{"line":57,"column":43}}]},"6":{"line":61,"type":"switch","locations":[{"start":{"line":68,"column":4},"end":{"line":150,"column":14},"skip":true},{"start":{"line":156,"column":4},"end":{"line":324,"column":14},"skip":true}]},"7":{"line":70,"type":"if","locations":[{"start":{"line":70,"column":12},"end":{"line":70,"column":12},"skip":true},{"start":{"line":70,"column":12},"end":{"line":70,"column":12},"skip":true}]},"8":{"line":70,"type":"binary-expr","locations":[{"start":{"line":70,"column":16},"end":{"line":70,"column":22},"skip":true},{"start":{"line":70,"column":27},"end":{"line":70,"column":32},"skip":true},{"start":{"line":71,"column":20},"end":{"line":71,"column":39},"skip":true},{"start":{"line":72,"column":20},"end":{"line":72,"column":49},"skip":true},{"start":{"line":73,"column":20},"end":{"line":73,"column":58},"skip":true},{"start":{"line":74,"column":20},"end":{"line":74,"column":69},"skip":true}]},"9":{"line":79,"type":"switch","locations":[{"start":{"line":80,"column":20},"end":{"line":80,"column":33},"skip":true},{"start":{"line":81,"column":20},"end":{"line":83,"column":30},"skip":true},{"start":{"line":84,"column":20},"end":{"line":85,"column":49},"skip":true}]},"10":{"line":89,"type":"switch","locations":[{"start":{"line":90,"column":12},"end":{"line":103,"column":22},"skip":true},{"start":{"line":105,"column":12},"end":{"line":106,"column":22},"skip":true}]},"11":{"line":89,"type":"binary-expr","locations":[{"start":{"line":89,"column":20},"end":{"line":89,"column":25},"skip":true},{"start":{"line":89,"column":29},"end":{"line":89,"column":48},"skip":true},{"start":{"line":89,"column":52},"end":{"line":89,"column":74},"skip":true}]},"12":{"line":92,"type":"if","locations":[{"start":{"line":92,"column":16},"end":{"line":92,"column":16},"skip":true},{"start":{"line":92,"column":16},"end":{"line":92,"column":16},"skip":true}]},"13":{"line":108,"type":"if","locations":[{"start":{"line":108,"column":12},"end":{"line":108,"column":12},"skip":true},{"start":{"line":108,"column":12},"end":{"line":108,"column":12},"skip":true}]},"14":{"line":108,"type":"binary-expr","locations":[{"start":{"line":108,"column":16},"end":{"line":108,"column":61},"skip":true},{"start":{"line":108,"column":66},"end":{"line":108,"column":72},"skip":true},{"start":{"line":108,"column":77},"end":{"line":108,"column":82},"skip":true},{"start":{"line":109,"column":20},"end":{"line":109,"column":39},"skip":true},{"start":{"line":110,"column":20},"end":{"line":110,"column":49},"skip":true},{"start":{"line":111,"column":20},"end":{"line":111,"column":58},"skip":true},{"start":{"line":112,"column":20},"end":{"line":112,"column":68},"skip":true}]},"15":{"line":129,"type":"if","locations":[{"start":{"line":129,"column":16},"end":{"line":129,"column":16},"skip":true},{"start":{"line":129,"column":16},"end":{"line":129,"column":16},"skip":true}]},"16":{"line":134,"type":"cond-expr","locations":[{"start":{"line":135,"column":26},"end":{"line":135,"column":29},"skip":true},{"start":{"line":136,"column":26},"end":{"line":136,"column":54},"skip":true}]},"17":{"line":164,"type":"binary-expr","locations":[{"start":{"line":164,"column":27},"end":{"line":164,"column":43},"skip":true},{"start":{"line":164,"column":47},"end":{"line":164,"column":49},"skip":true}]},"18":{"line":258,"type":"if","locations":[{"start":{"line":258,"column":8},"end":{"line":258,"column":8},"skip":true},{"start":{"line":258,"column":8},"end":{"line":258,"column":8},"skip":true}]},"19":{"line":275,"type":"switch","locations":[{"start":{"line":276,"column":20},"end":{"line":277,"column":64},"skip":true},{"start":{"line":278,"column":20},"end":{"line":279,"column":40},"skip":true},{"start":{"line":280,"column":20},"end":{"line":281,"column":40},"skip":true},{"start":{"line":282,"column":20},"end":{"line":283,"column":39},"skip":true}]},"20":{"line":288,"type":"if","locations":[{"start":{"line":288,"column":8},"end":{"line":288,"column":8},"skip":true},{"start":{"line":288,"column":8},"end":{"line":288,"column":8},"skip":true}]},"21":{"line":288,"type":"binary-expr","locations":[{"start":{"line":288,"column":12},"end":{"line":288,"column":40},"skip":true},{"start":{"line":288,"column":44},"end":{"line":288,"column":67},"skip":true}]},"22":{"line":292,"type":"binary-expr","locations":[{"start":{"line":292,"column":12},"end":{"line":292,"column":50},"skip":true},{"start":{"line":293,"column":12},"end":{"line":293,"column":53},"skip":true}]},"23":{"line":297,"type":"binary-expr","locations":[{"start":{"line":297,"column":12},"end":{"line":297,"column":67},"skip":true},{"start":{"line":298,"column":12},"end":{"line":301,"column":36},"skip":true}]},"24":{"line":303,"type":"binary-expr","locations":[{"start":{"line":303,"column":43},"end":{"line":303,"column":75},"skip":true},{"start":{"line":303,"column":79},"end":{"line":303,"column":81},"skip":true}]},"25":{"line":306,"type":"if","locations":[{"start":{"line":306,"column":8},"end":{"line":306,"column":8},"skip":true},{"start":{"line":306,"column":8},"end":{"line":306,"column":8},"skip":true}]},"26":{"line":310,"type":"if","locations":[{"start":{"line":310,"column":8},"end":{"line":310,"column":8},"skip":true},{"start":{"line":310,"column":8},"end":{"line":310,"column":8},"skip":true}]},"27":{"line":313,"type":"binary-expr","locations":[{"start":{"line":313,"column":27},"end":{"line":313,"column":43},"skip":true},{"start":{"line":313,"column":47},"end":{"line":313,"column":53},"skip":true}]},"28":{"line":317,"type":"if","locations":[{"start":{"line":317,"column":12},"end":{"line":317,"column":12},"skip":true},{"start":{"line":317,"column":12},"end":{"line":317,"column":12},"skip":true}]}},"code":["/*","example.js","","quickstart example","","instruction","    1. save this script as example.js","    2. run the shell command:","        $ npm install npmtest-officegen && PORT=8081 node example.js","    3. play with the browser-demo on http://127.0.0.1:8081","*/","","","","/* istanbul instrument in package npmtest_officegen */","/*jslint","    bitwise: true,","    browser: true,","    maxerr: 8,","    maxlen: 96,","    node: true,","    nomen: true,","    regexp: true,","    stupid: true","*/","(function () {","    'use strict';","    var local;","","","","    // run shared js-env code - pre-init","    (function () {","        // init local","        local = {};","        // init modeJs","        local.modeJs = (function () {","            try {","                return typeof navigator.userAgent === 'string' &&","                    typeof document.querySelector('body') === 'object' &&","                    typeof XMLHttpRequest.prototype.open === 'function' &&","                    'browser';","            } catch (errorCaughtBrowser) {","                return module.exports &&","                    typeof process.versions.node === 'string' &&","                    typeof require('http').createServer === 'function' &&","                    'node';","            }","        }());","        // init global","        local.global = local.modeJs === 'browser'","            ? window","            : global;","        // init utility2_rollup","        local = local.global.utility2_rollup || (local.modeJs === 'browser'","            ? local.global.utility2_npmtest_officegen","            : global.utility2_moduleExports);","        // export local","        local.global.local = local;","    }());","    switch (local.modeJs) {","","","","    // post-init","    // run browser js-env code - post-init","    /* istanbul ignore next */","    case 'browser':","        local.testRunBrowser = function (event) {","            if (!event || (event &&","                    event.currentTarget &&","                    event.currentTarget.className &&","                    event.currentTarget.className.includes &&","                    event.currentTarget.className.includes('onreset'))) {","                // reset output","                Array.from(","                    document.querySelectorAll('body > .resettable')","                ).forEach(function (element) {","                    switch (element.tagName) {","                    case 'INPUT':","                    case 'TEXTAREA':","                        element.value = '';","                        break;","                    default:","                        element.textContent = '';","                    }","                });","            }","            switch (event && event.currentTarget && event.currentTarget.id) {","            case 'testRunButton1':","                // show tests","                if (document.querySelector('#testReportDiv1').style.display === 'none') {","                    document.querySelector('#testReportDiv1').style.display = 'block';","                    document.querySelector('#testRunButton1').textContent =","                        'hide internal test';","                    local.modeTest = true;","                    local.testRunDefault(local);","                // hide tests","                } else {","                    document.querySelector('#testReportDiv1').style.display = 'none';","                    document.querySelector('#testRunButton1').textContent = 'run internal test';","                }","                break;","            // custom-case","            default:","                break;","            }","            if (document.querySelector('#inputTextareaEval1') && (!event || (event &&","                    event.currentTarget &&","                    event.currentTarget.className &&","                    event.currentTarget.className.includes &&","                    event.currentTarget.className.includes('oneval')))) {","                // try to eval input-code","                try {","                    /*jslint evil: true*/","                    eval(document.querySelector('#inputTextareaEval1').value);","                } catch (errorCaught) {","                    console.error(errorCaught);","                }","            }","        };","        // log stderr and stdout to #outputTextareaStdout1","        ['error', 'log'].forEach(function (key) {","            console[key + '_original'] = console[key];","            console[key] = function () {","                var element;","                console[key + '_original'].apply(console, arguments);","                element = document.querySelector('#outputTextareaStdout1');","                if (!element) {","                    return;","                }","                // append text to #outputTextareaStdout1","                element.value += Array.from(arguments).map(function (arg) {","                    return typeof arg === 'string'","                        ? arg","                        : JSON.stringify(arg, null, 4);","                }).join(' ') + '\\n';","                // scroll textarea to bottom","                element.scrollTop = element.scrollHeight;","            };","        });","        // init event-handling","        ['change', 'click', 'keyup'].forEach(function (event) {","            Array.from(document.querySelectorAll('.on' + event)).forEach(function (element) {","                element.addEventListener(event, local.testRunBrowser);","            });","        });","        // run tests","        local.testRunBrowser();","        break;","","","","    // run node js-env code - post-init","    /* istanbul ignore next */","    case 'node':","        // export local","        module.exports = local;","        // require modules","        local.fs = require('fs');","        local.http = require('http');","        local.url = require('url');","        // init assets","        local.assetsDict = local.assetsDict || {};","        /* jslint-ignore-begin */","        local.assetsDict['/assets.index.template.html'] = '\\","<!doctype html>\\n\\","<html lang=\"en\">\\n\\","<head>\\n\\","<meta charset=\"UTF-8\">\\n\\","<meta name=\"viewport\" content=\"width=device-width, initial-scale=1\">\\n\\","<title>{{env.npm_package_name}} (v{{env.npm_package_version}})</title>\\n\\","<style>\\n\\","/*csslint\\n\\","    box-sizing: false,\\n\\","    universal-selector: false\\n\\","*/\\n\\","* {\\n\\","    box-sizing: border-box;\\n\\","}\\n\\","body {\\n\\","    background: #dde;\\n\\","    font-family: Arial, Helvetica, sans-serif;\\n\\","    margin: 2rem;\\n\\","}\\n\\","body > * {\\n\\","    margin-bottom: 1rem;\\n\\","}\\n\\",".utility2FooterDiv {\\n\\","    margin-top: 20px;\\n\\","    text-align: center;\\n\\","}\\n\\","</style>\\n\\","<style>\\n\\","/*csslint\\n\\","*/\\n\\","textarea {\\n\\","    font-family: monospace;\\n\\","    height: 10rem;\\n\\","    width: 100%;\\n\\","}\\n\\","textarea[readonly] {\\n\\","    background: #ddd;\\n\\","}\\n\\","</style>\\n\\","</head>\\n\\","<body>\\n\\","<!-- utility2-comment\\n\\","<div id=\"ajaxProgressDiv1\" style=\"background: #d00; height: 2px; left: 0; margin: 0; padding: 0; position: fixed; top: 0; transition: background 0.5s, width 1.5s; width: 25%;\"></div>\\n\\","utility2-comment -->\\n\\","<h1>\\n\\","<!-- utility2-comment\\n\\","    <a\\n\\","        {{#if env.npm_package_homepage}}\\n\\","        href=\"{{env.npm_package_homepage}}\"\\n\\","        {{/if env.npm_package_homepage}}\\n\\","        target=\"_blank\"\\n\\","    >\\n\\","utility2-comment -->\\n\\","        {{env.npm_package_name}} (v{{env.npm_package_version}})\\n\\","<!-- utility2-comment\\n\\","    </a>\\n\\","utility2-comment -->\\n\\","</h1>\\n\\","<h3>{{env.npm_package_description}}</h3>\\n\\","<!-- utility2-comment\\n\\","<h4><a download href=\"assets.app.js\">download standalone app</a></h4>\\n\\","<button class=\"onclick onreset\" id=\"testRunButton1\">run internal test</button><br>\\n\\","<div id=\"testReportDiv1\" style=\"display: none;\"></div>\\n\\","utility2-comment -->\\n\\","\\n\\","\\n\\","\\n\\","<label>stderr and stdout</label>\\n\\","<textarea class=\"resettable\" id=\"outputTextareaStdout1\" readonly></textarea>\\n\\","<!-- utility2-comment\\n\\","{{#if isRollup}}\\n\\","<script src=\"assets.app.js\"></script>\\n\\","{{#unless isRollup}}\\n\\","utility2-comment -->\\n\\","<script src=\"assets.utility2.rollup.js\"></script>\\n\\","<script src=\"jsonp.utility2._stateInit?callback=window.utility2._stateInit\"></script>\\n\\","<script src=\"assets.npmtest_officegen.rollup.js\"></script>\\n\\","<script src=\"assets.example.js\"></script>\\n\\","<script src=\"assets.test.js\"></script>\\n\\","<!-- utility2-comment\\n\\","{{/if isRollup}}\\n\\","utility2-comment -->\\n\\","<div class=\"utility2FooterDiv\">\\n\\","    [ this app was created with\\n\\","    <a href=\"https://github.com/kaizhu256/node-utility2\" target=\"_blank\">utility2</a>\\n\\","    ]\\n\\","</div>\\n\\","</body>\\n\\","</html>\\n\\","';","        /* jslint-ignore-end */","        if (local.templateRender) {","            local.assetsDict['/'] = local.templateRender(","                local.assetsDict['/assets.index.template.html'],","                {","                    env: local.objectSetDefault(local.env, {","                        npm_package_description: 'the greatest app in the world!',","                        npm_package_name: 'my-app',","                        npm_package_nameAlias: 'my_app',","                        npm_package_version: '0.0.1'","                    })","                }","            );","        } else {","            local.assetsDict['/'] = local.assetsDict['/assets.index.template.html']","                .replace((/\\{\\{env\\.(\\w+?)\\}\\}/g), function (match0, match1) {","                    // jslint-hack","                    String(match0);","                    switch (match1) {","                    case 'npm_package_description':","                        return 'the greatest app in the world!';","                    case 'npm_package_name':","                        return 'my-app';","                    case 'npm_package_nameAlias':","                        return 'my_app';","                    case 'npm_package_version':","                        return '0.0.1';","                    }","                });","        }","        // run the cli","        if (local.global.utility2_rollup || module !== require.main) {","            break;","        }","        local.assetsDict['/assets.example.js'] =","            local.assetsDict['/assets.example.js'] ||","            local.fs.readFileSync(__filename, 'utf8');","        // bug-workaround - long $npm_package_buildCustomOrg","        /* jslint-ignore-begin */","        local.assetsDict['/assets.npmtest_officegen.rollup.js'] =","            local.assetsDict['/assets.npmtest_officegen.rollup.js'] ||","            local.fs.readFileSync(","                local.npmtest_officegen.__dirname + '/lib.npmtest_officegen.js',","                'utf8'","            ).replace((/^#!/), '//');","        /* jslint-ignore-end */","        local.assetsDict['/favicon.ico'] = local.assetsDict['/favicon.ico'] || '';","        // if $npm_config_timeout_exit exists,","        // then exit this process after $npm_config_timeout_exit ms","        if (Number(process.env.npm_config_timeout_exit)) {","            setTimeout(process.exit, Number(process.env.npm_config_timeout_exit));","        }","        // start server","        if (local.global.utility2_serverHttp1) {","            break;","        }","        process.env.PORT = process.env.PORT || '8081';","        console.error('server starting on port ' + process.env.PORT);","        local.http.createServer(function (request, response) {","            request.urlParsed = local.url.parse(request.url);","            if (local.assetsDict[request.urlParsed.pathname] !== undefined) {","                response.end(local.assetsDict[request.urlParsed.pathname]);","                return;","            }","            response.statusCode = 404;","            response.end();","        }).listen(process.env.PORT);","        break;","    }","}());",""],"l":{"26":2,"28":2,"33":2,"35":2,"37":2,"38":2,"39":2,"44":1,"51":2,"55":2,"59":2,"61":2,"69":1,"70":2,"76":2,"79":2,"82":2,"83":2,"85":1,"89":2,"92":1,"93":1,"94":1,"96":1,"97":1,"100":1,"101":1,"103":1,"106":1,"108":2,"114":1,"116":1,"118":1,"123":1,"124":2,"125":2,"126":3,"127":3,"128":3,"129":3,"130":1,"133":3,"134":3,"139":3,"143":1,"144":3,"145":1,"149":1,"150":1,"158":1,"160":1,"161":1,"162":1,"164":1,"166":1,"258":1,"259":1,"271":1,"274":6,"275":6,"277":1,"279":2,"281":1,"283":2,"288":1,"289":1,"291":1,"296":1,"303":1,"306":1,"307":1,"310":1,"311":1,"313":1,"314":1,"315":1,"316":1,"317":1,"318":1,"319":1,"321":1,"322":1,"324":1}},"/home/travis/build/npmtest/node-npmtest-officegen/node_modules/officegen/index.js":{"path":"/home/travis/build/npmtest/node-npmtest-officegen/node_modules/officegen/index.js","s":{"1":1,"2":1,"3":1,"4":1,"5":1,"6":1},"b":{},"f":{},"fnMap":{},"statementMap":{"1":{"start":{"line":31,"column":0},"end":{"line":31,"column":60}},"2":{"start":{"line":33,"column":0},"end":{"line":33,"column":28}},"3":{"start":{"line":34,"column":0},"end":{"line":34,"column":28}},"4":{"start":{"line":35,"column":0},"end":{"line":35,"column":28}},"5":{"start":{"line":37,"column":0},"end":{"line":37,"column":47}},"6":{"start":{"line":39,"column":0},"end":{"line":39,"column":41}}},"branchMap":{},"code":["//","// officegen - generating Office documents","//","// Please refer to README.md for this module's documentations.","//","// NOTE:","// - Before changing this code please refer to the hacking the code section on README.md.","//","// Copyright (c) 2016 Ziv Barber;","//","// Permission is hereby granted, free of charge, to any person obtaining","// a copy of this software and associated documentation files (the","// 'Software'), to deal in the Software without restriction, including","// without limitation the rights to use, copy, modify, merge, publish,","// distribute, sublicense, and/or sell copies of the Software, and to","// permit persons to whom the Software is furnished to do so, subject to","// the following conditions:","//","// The above copyright notice and this permission notice shall be","// included in all copies or substantial portions of the Software.","//","// THE SOFTWARE IS PROVIDED 'AS IS', WITHOUT WARRANTY OF ANY KIND,","// EXPRESS OR IMPLIED, INCLUDING BUT NOT LIMITED TO THE WARRANTIES OF","// MERCHANTABILITY, FITNESS FOR A PARTICULAR PURPOSE AND NONINFRINGEMENT.","// IN NO EVENT SHALL THE AUTHORS OR COPYRIGHT HOLDERS BE LIABLE FOR ANY","// CLAIM, DAMAGES OR OTHER LIABILITY, WHETHER IN AN ACTION OF CONTRACT,","// TORT OR OTHERWISE, ARISING FROM, OUT OF OR IN CONNECTION WITH THE","// SOFTWARE OR THE USE OR OTHER DEALINGS IN THE SOFTWARE.","//","","var baseobj = module.exports = require(\"./lib/basicgen.js\");","","require(\"./lib/genpptx.js\"); // Register the PPTX/PPSX support plugin.","require(\"./lib/genxlsx.js\"); // Register the XLSX support plugin.","require(\"./lib/gendocx.js\"); // Register the DOCX support plugin.","","var officegen_info = require('./package.json');","","baseobj.version = officegen_info.version;","",""],"l":{"31":1,"33":1,"34":1,"35":1,"37":1,"39":1}},"/home/travis/build/npmtest/node-npmtest-officegen/node_modules/officegen/lib/basicgen.js":{"path":"/home/travis/build/npmtest/node-npmtest-officegen/node_modules/officegen/lib/basicgen.js","s":{"1":1,"2":1,"3":1,"4":1,"5":1,"6":1,"7":1,"8":1,"9":1,"10":1,"11":1,"12":1,"13":1,"14":1,"15":0,"16":0,"17":0,"18":0,"19":0,"20":0,"21":0,"22":0,"23":0,"24":0,"25":0,"26":1,"27":0,"28":0,"29":1,"30":0,"31":1,"32":0,"33":0,"34":0,"35":0,"36":0,"37":0,"38":0,"39":0,"40":0,"41":0,"42":0,"43":0,"44":0,"45":0,"46":0,"47":0,"48":0,"49":0,"50":0,"51":0,"52":0,"53":0,"54":1,"55":0,"56":0,"57":0,"58":0,"59":0,"60":0,"61":0,"62":0,"63":0,"64":0,"65":0,"66":0,"67":0,"68":0,"69":0,"70":0,"71":0,"72":0,"73":0,"74":0,"75":0,"76":0,"77":0,"78":0,"79":0,"80":0,"81":0,"82":0,"83":0,"84":0,"85":0,"86":0,"87":0,"88":0,"89":0,"90":0,"91":1,"92":0,"93":0,"94":0,"95":0,"96":0,"97":0,"98":0,"99":1,"100":0,"101":0,"102":0,"103":0,"104":0,"105":0,"106":0,"107":0,"108":0,"109":0,"110":0,"111":0,"112":0,"113":0,"114":0,"115":0,"116":0,"117":0,"118":0,"119":0,"120":0,"121":0,"122":0,"123":0,"124":0,"125":0,"126":0,"127":0,"128":0,"129":0,"130":0,"131":0,"132":0,"133":0,"134":0,"135":0,"136":0,"137":0,"138":0,"139":0,"140":0,"141":0,"142":0,"143":0,"144":0,"145":0,"146":0,"147":0,"148":0,"149":0,"150":0,"151":0,"152":0,"153":0,"154":0,"155":0,"156":0,"157":0,"158":0,"159":0,"160":0,"161":1,"162":1,"163":0,"164":1,"165":0,"166":1,"167":4,"168":4,"169":4,"170":4,"171":4,"172":0,"173":2,"174":2,"175":2,"176":0,"177":0,"178":0,"179":0,"180":0,"181":0,"182":0,"183":0,"184":0,"185":0,"186":0,"187":0,"188":0,"189":0,"190":1,"191":1,"192":1},"b":{"1":[1,0],"2":[1,0],"3":[0,0],"4":[0,0],"5":[0,0],"6":[0,0],"7":[0,0],"8":[0,0],"9":[0,0],"10":[0,0],"11":[0,0],"12":[0,0],"13":[0,0],"14":[0,0],"15":[0,0],"16":[0,0],"17":[0,0,0],"18":[0,0],"19":[0,0],"20":[0,0],"21":[0,0],"22":[0,0],"23":[0,0],"24":[0,0],"25":[0,0],"26":[0,0],"27":[0,0],"28":[0,0],"29":[0,0],"30":[0,0],"31":[0,0],"32":[0,0,0,0,0],"33":[0,0],"34":[0,0],"35":[0,0,0],"36":[0,0],"37":[0,0],"38":[0,0],"39":[0,0],"40":[0,0],"41":[0,0],"42":[0,0],"43":[0,0],"44":[0,0],"45":[0,0],"46":[0,0],"47":[0,0],"48":[0,0],"49":[0,0],"50":[0,0],"51":[0,0],"52":[0,0],"53":[0,0],"54":[0,0],"55":[0,0],"56":[0,0,0,0],"57":[0,0],"58":[0,0],"59":[0,0,0,0,0],"60":[0,0],"61":[0,0]},"f":{"1":1,"2":0,"3":0,"4":0,"5":0,"6":0,"7":0,"8":0,"9":0,"10":0,"11":0,"12":0,"13":0,"14":0,"15":0,"16":4,"17":0,"18":2,"19":0,"20":0,"21":0},"fnMap":{"1":{"name":"(anonymous_1)","line":33,"loc":{"start":{"line":33,"column":1},"end":{"line":33,"column":13}}},"2":{"name":"(anonymous_2)","line":78,"loc":{"start":{"line":78,"column":16},"end":{"line":78,"column":37}}},"3":{"name":"setOptions","line":135,"loc":{"start":{"line":135,"column":1},"end":{"line":135,"column":40}}},"4":{"name":"isObject","line":147,"loc":{"start":{"line":147,"column":2},"end":{"line":147,"column":28}}},"5":{"name":"keys","line":151,"loc":{"start":{"line":151,"column":2},"end":{"line":151,"column":25}}},"6":{"name":"setGeneratorType","line":201,"loc":{"start":{"line":201,"column":1},"end":{"line":201,"column":40}}},"7":{"name":"(anonymous_7)","line":260,"loc":{"start":{"line":260,"column":28},"end":{"line":260,"column":117}}},"8":{"name":"(anonymous_8)","line":313,"loc":{"start":{"line":313,"column":17},"end":{"line":313,"column":53}}},"9":{"name":"onArchiveError","line":347,"loc":{"start":{"line":347,"column":2},"end":{"line":347,"column":34}}},"10":{"name":"generateNextResource","line":369,"loc":{"start":{"line":369,"column":2},"end":{"line":370,"column":2}}},"11":{"name":"(anonymous_11)","line":442,"loc":{"start":{"line":442,"column":34},"end":{"line":442,"column":54}}},"12":{"name":"(anonymous_12)","line":480,"loc":{"start":{"line":480,"column":20},"end":{"line":480,"column":32}}},"13":{"name":"(anonymous_13)","line":510,"loc":{"start":{"line":510,"column":27},"end":{"line":510,"column":85}}},"14":{"name":"(anonymous_14)","line":546,"loc":{"start":{"line":546,"column":17},"end":{"line":546,"column":38}}},"15":{"name":"setVerboseMode","line":559,"loc":{"start":{"line":559,"column":32},"end":{"line":559,"column":70}}},"16":{"name":"(anonymous_16)","line":583,"loc":{"start":{"line":583,"column":18},"end":{"line":583,"column":87}}},"17":{"name":"(anonymous_17)","line":601,"loc":{"start":{"line":601,"column":19},"end":{"line":601,"column":41}}},"18":{"name":"(anonymous_18)","line":617,"loc":{"start":{"line":617,"column":20},"end":{"line":617,"column":64}}},"19":{"name":"getPrototypeByName","line":633,"loc":{"start":{"line":633,"column":21},"end":{"line":633,"column":62}}},"20":{"name":"(anonymous_20)","line":652,"loc":{"start":{"line":652,"column":21},"end":{"line":652,"column":80}}},"21":{"name":"(anonymous_21)","line":665,"loc":{"start":{"line":665,"column":17},"end":{"line":665,"column":50}}}},"statementMap":{"1":{"start":{"line":31,"column":0},"end":{"line":31,"column":24}},"2":{"start":{"line":33,"column":0},"end":{"line":692,"column":6}},"3":{"start":{"line":35,"column":0},"end":{"line":35,"column":26}},"4":{"start":{"line":36,"column":0},"end":{"line":36,"column":31}},"5":{"start":{"line":38,"column":0},"end":{"line":38,"column":84}},"6":{"start":{"line":41,"column":0},"end":{"line":41,"column":35}},"7":{"start":{"line":42,"column":0},"end":{"line":42,"column":23}},"8":{"start":{"line":43,"column":0},"end":{"line":43,"column":90}},"9":{"start":{"line":47,"column":0},"end":{"line":47,"column":26}},"10":{"start":{"line":49,"column":0},"end":{"line":49,"column":31}},"11":{"start":{"line":50,"column":0},"end":{"line":50,"column":28}},"12":{"start":{"line":51,"column":0},"end":{"line":51,"column":36}},"13":{"start":{"line":52,"column":0},"end":{"line":52,"column":37}},"14":{"start":{"line":78,"column":0},"end":{"line":536,"column":2}},"15":{"start":{"line":79,"column":4},"end":{"line":81,"column":2}},"16":{"start":{"line":80,"column":2},"end":{"line":80,"column":35}},"17":{"start":{"line":83,"column":1},"end":{"line":83,"column":35}},"18":{"start":{"line":91,"column":1},"end":{"line":91,"column":19}},"19":{"start":{"line":112,"column":1},"end":{"line":112,"column":22}},"20":{"start":{"line":115,"column":1},"end":{"line":115,"column":27}},"21":{"start":{"line":116,"column":1},"end":{"line":116,"column":32}},"22":{"start":{"line":117,"column":1},"end":{"line":117,"column":41}},"23":{"start":{"line":121,"column":1},"end":{"line":121,"column":24}},"24":{"start":{"line":122,"column":1},"end":{"line":122,"column":28}},"25":{"start":{"line":125,"column":1},"end":{"line":125,"column":23}},"26":{"start":{"line":135,"column":1},"end":{"line":191,"column":2}},"27":{"start":{"line":136,"column":2},"end":{"line":136,"column":24}},"28":{"start":{"line":138,"column":2},"end":{"line":145,"column":4}},"29":{"start":{"line":147,"column":2},"end":{"line":149,"column":3}},"30":{"start":{"line":148,"column":3},"end":{"line":148,"column":49}},"31":{"start":{"line":151,"column":2},"end":{"line":157,"column":3}},"32":{"start":{"line":152,"column":3},"end":{"line":154,"column":4}},"33":{"start":{"line":153,"column":4},"end":{"line":153,"column":14}},"34":{"start":{"line":156,"column":3},"end":{"line":156,"column":30}},"35":{"start":{"line":159,"column":2},"end":{"line":159,"column":12}},"36":{"start":{"line":160,"column":2},"end":{"line":160,"column":24}},"37":{"start":{"line":161,"column":2},"end":{"line":161,"column":24}},"38":{"start":{"line":163,"column":2},"end":{"line":163,"column":23}},"39":{"start":{"line":164,"column":2},"end":{"line":164,"column":20}},"40":{"start":{"line":165,"column":2},"end":{"line":165,"column":31}},"41":{"start":{"line":168,"column":2},"end":{"line":168,"column":20}},"42":{"start":{"line":169,"column":2},"end":{"line":169,"column":64}},"43":{"start":{"line":170,"column":2},"end":{"line":170,"column":46}},"44":{"start":{"line":172,"column":2},"end":{"line":188,"column":3}},"45":{"start":{"line":173,"column":3},"end":{"line":173,"column":30}},"46":{"start":{"line":175,"column":3},"end":{"line":187,"column":4}},"47":{"start":{"line":177,"column":4},"end":{"line":186,"column":5}},"48":{"start":{"line":178,"column":5},"end":{"line":178,"column":32}},"49":{"start":{"line":180,"column":5},"end":{"line":185,"column":6}},"50":{"start":{"line":181,"column":6},"end":{"line":181,"column":38}},"51":{"start":{"line":183,"column":12},"end":{"line":185,"column":6}},"52":{"start":{"line":184,"column":6},"end":{"line":184,"column":65}},"53":{"start":{"line":190,"column":2},"end":{"line":190,"column":16}},"54":{"start":{"line":201,"column":1},"end":{"line":219,"column":2}},"55":{"start":{"line":202,"column":2},"end":{"line":202,"column":25}},"56":{"start":{"line":203,"column":2},"end":{"line":203,"column":20}},"57":{"start":{"line":205,"column":2},"end":{"line":218,"column":3}},"58":{"start":{"line":206,"column":3},"end":{"line":212,"column":4}},"59":{"start":{"line":207,"column":4},"end":{"line":211,"column":5}},"60":{"start":{"line":208,"column":5},"end":{"line":208,"column":133}},"61":{"start":{"line":209,"column":5},"end":{"line":209,"column":18}},"62":{"start":{"line":210,"column":5},"end":{"line":210,"column":11}},"63":{"start":{"line":214,"column":3},"end":{"line":217,"column":4}},"64":{"start":{"line":216,"column":4},"end":{"line":216,"column":63}},"65":{"start":{"line":243,"column":1},"end":{"line":291,"column":3}},"66":{"start":{"line":261,"column":3},"end":{"line":261,"column":19}},"67":{"start":{"line":263,"column":3},"end":{"line":263,"column":31}},"68":{"start":{"line":264,"column":3},"end":{"line":264,"column":29}},"69":{"start":{"line":265,"column":3},"end":{"line":265,"column":26}},"70":{"start":{"line":266,"column":3},"end":{"line":266,"column":28}},"71":{"start":{"line":267,"column":3},"end":{"line":267,"column":33}},"72":{"start":{"line":272,"column":3},"end":{"line":277,"column":4}},"73":{"start":{"line":273,"column":4},"end":{"line":273,"column":51}},"74":{"start":{"line":276,"column":4},"end":{"line":276,"column":38}},"75":{"start":{"line":279,"column":3},"end":{"line":281,"column":4}},"76":{"start":{"line":280,"column":4},"end":{"line":280,"column":55}},"77":{"start":{"line":283,"column":3},"end":{"line":283,"column":41}},"78":{"start":{"line":313,"column":1},"end":{"line":469,"column":3}},"79":{"start":{"line":314,"column":2},"end":{"line":316,"column":3}},"80":{"start":{"line":315,"column":3},"end":{"line":315,"column":98}},"81":{"start":{"line":318,"column":2},"end":{"line":326,"column":3}},"82":{"start":{"line":319,"column":3},"end":{"line":321,"column":4}},"83":{"start":{"line":320,"column":4},"end":{"line":320,"column":47}},"84":{"start":{"line":323,"column":3},"end":{"line":325,"column":4}},"85":{"start":{"line":324,"column":4},"end":{"line":324,"column":41}},"86":{"start":{"line":328,"column":2},"end":{"line":332,"column":3}},"87":{"start":{"line":329,"column":3},"end":{"line":331,"column":4}},"88":{"start":{"line":330,"column":4},"end":{"line":330,"column":113}},"89":{"start":{"line":335,"column":2},"end":{"line":335,"column":43}},"90":{"start":{"line":337,"column":2},"end":{"line":337,"column":85}},"91":{"start":{"line":347,"column":2},"end":{"line":349,"column":3}},"92":{"start":{"line":348,"column":3},"end":{"line":348,"column":32}},"93":{"start":{"line":351,"column":2},"end":{"line":351,"column":41}},"94":{"start":{"line":353,"column":2},"end":{"line":361,"column":3}},"95":{"start":{"line":354,"column":3},"end":{"line":354,"column":30}},"96":{"start":{"line":355,"column":3},"end":{"line":355,"column":36}},"97":{"start":{"line":357,"column":3},"end":{"line":357,"column":51}},"98":{"start":{"line":360,"column":3},"end":{"line":360,"column":34}},"99":{"start":{"line":369,"column":2},"end":{"line":465,"column":3}},"100":{"start":{"line":371,"column":3},"end":{"line":373,"column":4}},"101":{"start":{"line":372,"column":4},"end":{"line":372,"column":104}},"102":{"start":{"line":375,"column":3},"end":{"line":375,"column":17}},"103":{"start":{"line":377,"column":3},"end":{"line":464,"column":4}},"104":{"start":{"line":378,"column":4},"end":{"line":438,"column":5}},"105":{"start":{"line":379,"column":5},"end":{"line":415,"column":6}},"106":{"start":{"line":382,"column":7},"end":{"line":382,"column":103}},"107":{"start":{"line":383,"column":7},"end":{"line":383,"column":13}},"108":{"start":{"line":387,"column":7},"end":{"line":387,"column":122}},"109":{"start":{"line":388,"column":7},"end":{"line":388,"column":13}},"110":{"start":{"line":392,"column":7},"end":{"line":392,"column":57}},"111":{"start":{"line":393,"column":7},"end":{"line":393,"column":13}},"112":{"start":{"line":397,"column":7},"end":{"line":397,"column":38}},"113":{"start":{"line":398,"column":7},"end":{"line":398,"column":68}},"114":{"start":{"line":399,"column":7},"end":{"line":399,"column":13}},"115":{"start":{"line":403,"column":7},"end":{"line":414,"column":8}},"116":{"start":{"line":404,"column":8},"end":{"line":413,"column":9}},"117":{"start":{"line":405,"column":9},"end":{"line":411,"column":11}},"118":{"start":{"line":412,"column":9},"end":{"line":412,"column":15}},"119":{"start":{"line":417,"column":5},"end":{"line":432,"column":6}},"120":{"start":{"line":418,"column":6},"end":{"line":420,"column":7}},"121":{"start":{"line":419,"column":7},"end":{"line":419,"column":158}},"122":{"start":{"line":422,"column":6},"end":{"line":422,"column":84}},"123":{"start":{"line":424,"column":6},"end":{"line":424,"column":45}},"124":{"start":{"line":427,"column":6},"end":{"line":429,"column":7}},"125":{"start":{"line":428,"column":7},"end":{"line":428,"column":57}},"126":{"start":{"line":430,"column":6},"end":{"line":430,"column":45}},"127":{"start":{"line":436,"column":5},"end":{"line":436,"column":44}},"128":{"start":{"line":442,"column":4},"end":{"line":452,"column":7}},"129":{"start":{"line":443,"column":5},"end":{"line":451,"column":6}},"130":{"start":{"line":444,"column":6},"end":{"line":444,"column":52}},"131":{"start":{"line":446,"column":6},"end":{"line":448,"column":7}},"132":{"start":{"line":447,"column":7},"end":{"line":447,"column":64}},"133":{"start":{"line":450,"column":6},"end":{"line":450,"column":30}},"134":{"start":{"line":455,"column":4},"end":{"line":457,"column":5}},"135":{"start":{"line":456,"column":5},"end":{"line":456,"column":55}},"136":{"start":{"line":458,"column":4},"end":{"line":458,"column":24}},"137":{"start":{"line":461,"column":4},"end":{"line":461,"column":70}},"138":{"start":{"line":463,"column":4},"end":{"line":463,"column":51}},"139":{"start":{"line":468,"column":2},"end":{"line":468,"column":29}},"140":{"start":{"line":480,"column":1},"end":{"line":492,"column":3}},"141":{"start":{"line":481,"column":2},"end":{"line":481,"column":16}},"142":{"start":{"line":483,"column":2},"end":{"line":485,"column":3}},"143":{"start":{"line":484,"column":3},"end":{"line":484,"column":63}},"144":{"start":{"line":484,"column":47},"end":{"line":484,"column":63}},"145":{"start":{"line":487,"column":2},"end":{"line":487,"column":90}},"146":{"start":{"line":487,"column":42},"end":{"line":487,"column":90}},"147":{"start":{"line":489,"column":2},"end":{"line":489,"column":31}},"148":{"start":{"line":491,"column":2},"end":{"line":491,"column":42}},"149":{"start":{"line":510,"column":1},"end":{"line":513,"column":3}},"150":{"start":{"line":512,"column":2},"end":{"line":512,"column":101}},"151":{"start":{"line":515,"column":1},"end":{"line":517,"column":2}},"152":{"start":{"line":516,"column":2},"end":{"line":516,"column":32}},"153":{"start":{"line":520,"column":1},"end":{"line":520,"column":64}},"154":{"start":{"line":522,"column":1},"end":{"line":524,"column":2}},"155":{"start":{"line":523,"column":2},"end":{"line":523,"column":46}},"156":{"start":{"line":526,"column":1},"end":{"line":528,"column":2}},"157":{"start":{"line":527,"column":2},"end":{"line":527,"column":49}},"158":{"start":{"line":531,"column":1},"end":{"line":533,"column":2}},"159":{"start":{"line":532,"column":2},"end":{"line":532,"column":43}},"160":{"start":{"line":535,"column":1},"end":{"line":535,"column":13}},"161":{"start":{"line":538,"column":0},"end":{"line":538,"column":48}},"162":{"start":{"line":546,"column":0},"end":{"line":548,"column":2}},"163":{"start":{"line":547,"column":1},"end":{"line":547,"column":34}},"164":{"start":{"line":559,"column":0},"end":{"line":561,"column":1}},"165":{"start":{"line":560,"column":1},"end":{"line":560,"column":47}},"166":{"start":{"line":568,"column":0},"end":{"line":684,"column":2}},"167":{"start":{"line":584,"column":2},"end":{"line":584,"column":40}},"168":{"start":{"line":585,"column":2},"end":{"line":585,"column":59}},"169":{"start":{"line":586,"column":2},"end":{"line":586,"column":61}},"170":{"start":{"line":587,"column":2},"end":{"line":587,"column":50}},"171":{"start":{"line":588,"column":2},"end":{"line":588,"column":57}},"172":{"start":{"line":602,"column":2},"end":{"line":602,"column":42}},"173":{"start":{"line":618,"column":2},"end":{"line":618,"column":48}},"174":{"start":{"line":619,"column":2},"end":{"line":619,"column":61}},"175":{"start":{"line":620,"column":2},"end":{"line":620,"column":65}},"176":{"start":{"line":634,"column":2},"end":{"line":634,"column":50}},"177":{"start":{"line":653,"column":2},"end":{"line":653,"column":49}},"178":{"start":{"line":654,"column":2},"end":{"line":654,"column":68}},"179":{"start":{"line":655,"column":2},"end":{"line":655,"column":68}},"180":{"start":{"line":656,"column":2},"end":{"line":656,"column":66}},"181":{"start":{"line":666,"column":2},"end":{"line":668,"column":3}},"182":{"start":{"line":667,"column":3},"end":{"line":667,"column":59}},"183":{"start":{"line":670,"column":2},"end":{"line":670,"column":18}},"184":{"start":{"line":672,"column":2},"end":{"line":680,"column":3}},"185":{"start":{"line":673,"column":3},"end":{"line":675,"column":4}},"186":{"start":{"line":674,"column":4},"end":{"line":674,"column":102}},"187":{"start":{"line":677,"column":3},"end":{"line":679,"column":4}},"188":{"start":{"line":678,"column":4},"end":{"line":678,"column":108}},"189":{"start":{"line":682,"column":2},"end":{"line":682,"column":36}},"190":{"start":{"line":686,"column":0},"end":{"line":686,"column":33}},"191":{"start":{"line":688,"column":0},"end":{"line":688,"column":47}},"192":{"start":{"line":690,"column":0},"end":{"line":690,"column":79}}},"branchMap":{"1":{"line":38,"type":"binary-expr","locations":[{"start":{"line":38,"column":16},"end":{"line":38,"column":43}},{"start":{"line":38,"column":47},"end":{"line":38,"column":83}}]},"2":{"line":43,"type":"binary-expr","locations":[{"start":{"line":43,"column":18},"end":{"line":43,"column":47}},{"start":{"line":43,"column":51},"end":{"line":43,"column":89}}]},"3":{"line":79,"type":"if","locations":[{"start":{"line":79,"column":4},"end":{"line":79,"column":4}},{"start":{"line":79,"column":4},"end":{"line":79,"column":4}}]},"4":{"line":136,"type":"binary-expr","locations":[{"start":{"line":136,"column":11},"end":{"line":136,"column":17}},{"start":{"line":136,"column":21},"end":{"line":136,"column":23}}]},"5":{"line":148,"type":"binary-expr","locations":[{"start":{"line":148,"column":13},"end":{"line":148,"column":18}},{"start":{"line":148,"column":22},"end":{"line":148,"column":47}}]},"6":{"line":152,"type":"if","locations":[{"start":{"line":152,"column":3},"end":{"line":152,"column":3}},{"start":{"line":152,"column":3},"end":{"line":152,"column":3}}]},"7":{"line":169,"type":"binary-expr","locations":[{"start":{"line":169,"column":17},"end":{"line":169,"column":45}},{"start":{"line":169,"column":49},"end":{"line":169,"column":63}}]},"8":{"line":170,"type":"cond-expr","locations":[{"start":{"line":170,"column":26},"end":{"line":170,"column":41}},{"start":{"line":170,"column":44},"end":{"line":170,"column":45}}]},"9":{"line":175,"type":"if","locations":[{"start":{"line":175,"column":3},"end":{"line":175,"column":3}},{"start":{"line":175,"column":3},"end":{"line":175,"column":3}}]},"10":{"line":175,"type":"binary-expr","locations":[{"start":{"line":175,"column":7},"end":{"line":175,"column":15}},{"start":{"line":175,"column":19},"end":{"line":175,"column":47}}]},"11":{"line":180,"type":"if","locations":[{"start":{"line":180,"column":5},"end":{"line":180,"column":5}},{"start":{"line":180,"column":5},"end":{"line":180,"column":5}}]},"12":{"line":180,"type":"binary-expr","locations":[{"start":{"line":180,"column":9},"end":{"line":180,"column":45}},{"start":{"line":180,"column":49},"end":{"line":180,"column":71}}]},"13":{"line":183,"type":"if","locations":[{"start":{"line":183,"column":12},"end":{"line":183,"column":12}},{"start":{"line":183,"column":12},"end":{"line":183,"column":12}}]},"14":{"line":183,"type":"binary-expr","locations":[{"start":{"line":183,"column":16},"end":{"line":183,"column":39}},{"start":{"line":183,"column":43},"end":{"line":183,"column":68}}]},"15":{"line":205,"type":"if","locations":[{"start":{"line":205,"column":2},"end":{"line":205,"column":2}},{"start":{"line":205,"column":2},"end":{"line":205,"column":2}}]},"16":{"line":207,"type":"if","locations":[{"start":{"line":207,"column":4},"end":{"line":207,"column":4}},{"start":{"line":207,"column":4},"end":{"line":207,"column":4}}]},"17":{"line":207,"type":"binary-expr","locations":[{"start":{"line":207,"column":10},"end":{"line":207,"column":30}},{"start":{"line":207,"column":35},"end":{"line":207,"column":67}},{"start":{"line":207,"column":71},"end":{"line":207,"column":114}}]},"18":{"line":214,"type":"if","locations":[{"start":{"line":214,"column":3},"end":{"line":214,"column":3}},{"start":{"line":214,"column":3},"end":{"line":214,"column":3}}]},"19":{"line":272,"type":"if","locations":[{"start":{"line":272,"column":3},"end":{"line":272,"column":3}},{"start":{"line":272,"column":3},"end":{"line":272,"column":3}}]},"20":{"line":279,"type":"if","locations":[{"start":{"line":279,"column":3},"end":{"line":279,"column":3}},{"start":{"line":279,"column":3},"end":{"line":279,"column":3}}]},"21":{"line":314,"type":"if","locations":[{"start":{"line":314,"column":2},"end":{"line":314,"column":2}},{"start":{"line":314,"column":2},"end":{"line":314,"column":2}}]},"22":{"line":318,"type":"if","locations":[{"start":{"line":318,"column":2},"end":{"line":318,"column":2}},{"start":{"line":318,"column":2},"end":{"line":318,"column":2}}]},"23":{"line":319,"type":"if","locations":[{"start":{"line":319,"column":3},"end":{"line":319,"column":3}},{"start":{"line":319,"column":3},"end":{"line":319,"column":3}}]},"24":{"line":323,"type":"if","locations":[{"start":{"line":323,"column":3},"end":{"line":323,"column":3}},{"start":{"line":323,"column":3},"end":{"line":323,"column":3}}]},"25":{"line":328,"type":"if","locations":[{"start":{"line":328,"column":2},"end":{"line":328,"column":2}},{"start":{"line":328,"column":2},"end":{"line":328,"column":2}}]},"26":{"line":329,"type":"if","locations":[{"start":{"line":329,"column":3},"end":{"line":329,"column":3}},{"start":{"line":329,"column":3},"end":{"line":329,"column":3}}]},"27":{"line":337,"type":"cond-expr","locations":[{"start":{"line":337,"column":69},"end":{"line":337,"column":74}},{"start":{"line":337,"column":77},"end":{"line":337,"column":82}}]},"28":{"line":353,"type":"if","locations":[{"start":{"line":353,"column":2},"end":{"line":353,"column":2}},{"start":{"line":353,"column":2},"end":{"line":353,"column":2}}]},"29":{"line":371,"type":"if","locations":[{"start":{"line":371,"column":3},"end":{"line":371,"column":3}},{"start":{"line":371,"column":3},"end":{"line":371,"column":3}}]},"30":{"line":377,"type":"if","locations":[{"start":{"line":377,"column":3},"end":{"line":377,"column":3}},{"start":{"line":377,"column":3},"end":{"line":377,"column":3}}]},"31":{"line":378,"type":"if","locations":[{"start":{"line":378,"column":4},"end":{"line":378,"column":4}},{"start":{"line":378,"column":4},"end":{"line":378,"column":4}}]},"32":{"line":379,"type":"switch","locations":[{"start":{"line":381,"column":6},"end":{"line":383,"column":13}},{"start":{"line":386,"column":6},"end":{"line":388,"column":13}},{"start":{"line":391,"column":6},"end":{"line":393,"column":13}},{"start":{"line":396,"column":6},"end":{"line":399,"column":13}},{"start":{"line":402,"column":6},"end":{"line":414,"column":8}}]},"33":{"line":387,"type":"binary-expr","locations":[{"start":{"line":387,"column":41},"end":{"line":387,"column":78}},{"start":{"line":387,"column":82},"end":{"line":387,"column":119}}]},"34":{"line":404,"type":"if","locations":[{"start":{"line":404,"column":8},"end":{"line":404,"column":8}},{"start":{"line":404,"column":8},"end":{"line":404,"column":8}}]},"35":{"line":404,"type":"binary-expr","locations":[{"start":{"line":404,"column":14},"end":{"line":404,"column":69}},{"start":{"line":404,"column":74},"end":{"line":404,"column":121}},{"start":{"line":404,"column":125},"end":{"line":404,"column":183}}]},"36":{"line":417,"type":"if","locations":[{"start":{"line":417,"column":5},"end":{"line":417,"column":5}},{"start":{"line":417,"column":5},"end":{"line":417,"column":5}}]},"37":{"line":418,"type":"if","locations":[{"start":{"line":418,"column":6},"end":{"line":418,"column":6}},{"start":{"line":418,"column":6},"end":{"line":418,"column":6}}]},"38":{"line":427,"type":"if","locations":[{"start":{"line":427,"column":6},"end":{"line":427,"column":6}},{"start":{"line":427,"column":6},"end":{"line":427,"column":6}}]},"39":{"line":443,"type":"if","locations":[{"start":{"line":443,"column":5},"end":{"line":443,"column":5}},{"start":{"line":443,"column":5},"end":{"line":443,"column":5}}]},"40":{"line":444,"type":"binary-expr","locations":[{"start":{"line":444,"column":21},"end":{"line":444,"column":34}},{"start":{"line":444,"column":38},"end":{"line":444,"column":51}}]},"41":{"line":446,"type":"if","locations":[{"start":{"line":446,"column":6},"end":{"line":446,"column":6}},{"start":{"line":446,"column":6},"end":{"line":446,"column":6}}]},"42":{"line":455,"type":"if","locations":[{"start":{"line":455,"column":4},"end":{"line":455,"column":4}},{"start":{"line":455,"column":4},"end":{"line":455,"column":4}}]},"43":{"line":484,"type":"if","locations":[{"start":{"line":484,"column":3},"end":{"line":484,"column":3}},{"start":{"line":484,"column":3},"end":{"line":484,"column":3}}]},"44":{"line":515,"type":"if","locations":[{"start":{"line":515,"column":1},"end":{"line":515,"column":1}},{"start":{"line":515,"column":1},"end":{"line":515,"column":1}}]},"45":{"line":522,"type":"if","locations":[{"start":{"line":522,"column":1},"end":{"line":522,"column":1}},{"start":{"line":522,"column":1},"end":{"line":522,"column":1}}]},"46":{"line":522,"type":"binary-expr","locations":[{"start":{"line":522,"column":6},"end":{"line":522,"column":20}},{"start":{"line":522,"column":24},"end":{"line":522,"column":44}}]},"47":{"line":526,"type":"if","locations":[{"start":{"line":526,"column":1},"end":{"line":526,"column":1}},{"start":{"line":526,"column":1},"end":{"line":526,"column":1}}]},"48":{"line":526,"type":"binary-expr","locations":[{"start":{"line":526,"column":6},"end":{"line":526,"column":20}},{"start":{"line":526,"column":24},"end":{"line":526,"column":44}}]},"49":{"line":531,"type":"if","locations":[{"start":{"line":531,"column":1},"end":{"line":531,"column":1}},{"start":{"line":531,"column":1},"end":{"line":531,"column":1}}]},"50":{"line":666,"type":"if","locations":[{"start":{"line":666,"column":2},"end":{"line":666,"column":2}},{"start":{"line":666,"column":2},"end":{"line":666,"column":2}}]},"51":{"line":666,"t
[...]
sApp.push ({","\t\t\t\ttarget: 'footnotes.xml',","\t\t\t\ttype: 'http://schemas.openxmlformats.org/officeDocument/2006/relationships/footernotes',","\t\t\t\tclear: 'generate' // Placing 'generate' here means that officegen will destroy this entry in the files list after finishing to generate the document.","\t\t});","","\t\t// Filling secPrExtra with data will connect the header and footer to the Word document:","\t\tfuncThis.docxData.secPrExtra = '<w:headerReference w:type=\"default\" r:id=\"rId' + this.docxData.header2RelId + '\"/>';","\t\tfuncThis.docxData.secPrExtra += '<w:footerReference w:type=\"default\" r:id=\"rId' + this.docxData.footer2RelId + '\"/>';","\t\tfuncThis.docxData.secPrExtra += '<w:headerReference w:type=\"first\" r:id=\"rId' + this.docxData.header3RelId + '\"/>';","\t\tfuncThis.docxData.secPrExtra += '<w:footerReference w:type=\"first\" r:id=\"rId' + this.docxData.footer3RelId + '\"/>';","\t\tfuncThis.docxData.secPrExtra += '<w:headerReference w:type=\"even\" r:id=\"rId' + this.docxData.header1RelId + '\"/>';","\t\tfuncThis.docxData.secPrExtra += '<w:footerReference w:type=\"even\" r:id=\"rId' + this.docxData.footer1RelId + '\"/>';","","\t\t// Add the notes master to the list of files in the document:","\t\tthis.filesList.push (","\t\t\t{","\t\t\t\tname: '/' + this.mainPath + '/footnotes.xml',","\t\t\t\ttype: 'application/vnd.openxmlformats-officedocument.wordprocessingml.footnotes+xml',","\t\t\t\tclear: 'generate' // Placing 'generate' here means that officegen will destroy this entry in the files list after finishing to generate the document.","\t\t\t},","\t\t\t{","\t\t\t\tname: '/' + this.mainPath + '/endnotes.xml',","\t\t\t\ttype: 'application/vnd.openxmlformats-officedocument.wordprocessingml.endnotes+xml',","\t\t\t\tclear: 'generate' // Placing 'generate' here means that officegen will destroy this entry in the files list after finishing to generate the document.","\t\t\t},","\t\t\t{","\t\t\t\tname: '/' + this.mainPath + '/footer1.xml',","\t\t\t\ttype: 'application/vnd.openxmlformats-officedocument.wordprocessingml.footer+xml',","\t\t\t\tclear: 'generate' // Placing 'generate' here means that officegen will destroy this entry in the files list after finishing to generate the document.","\t\t\t},","\t\t\t{","\t\t\t\tname: '/' + this.mainPath + '/footer2.xml',","\t\t\t\ttype: 'application/vnd.openxmlformats-officedocument.wordprocessingml.footer+xml',","\t\t\t\tclear: 'generate' // Placing 'generate' here means that officegen will destroy this entry in the files list after finishing to generate the document.","\t\t\t},","\t\t\t{","\t\t\t\tname: '/' + this.mainPath + '/footer3.xml',","\t\t\t\ttype: 'application/vnd.openxmlformats-officedocument.wordprocessingml.footer+xml',","\t\t\t\tclear: 'generate' // Placing 'generate' here means that officegen will destroy this entry in the files list after finishing to generate the document.","\t\t\t},","\t\t\t{","\t\t\t\tname: '/' + this.mainPath + '/header1.xml',","\t\t\t\ttype: 'application/vnd.openxmlformats-officedocument.wordprocessingml.header+xml',","\t\t\t\tclear: 'generate' // Placing 'generate' here means that officegen will destroy this entry in the files list after finishing to generate the document.","\t\t\t},","\t\t\t{","\t\t\t\tname: '/' + this.mainPath + '/header2.xml',","\t\t\t\ttype: 'application/vnd.openxmlformats-officedocument.wordprocessingml.header+xml',","\t\t\t\tclear: 'generate' // Placing 'generate' here means that officegen will destroy this entry in the files list after finishing to generate the document.","\t\t\t},","\t\t\t{","\t\t\t\tname: '/' + this.mainPath + '/header3.xml',","\t\t\t\ttype: 'application/vnd.openxmlformats-officedocument.wordprocessingml.header+xml',","\t\t\t\tclear: 'generate' // Placing 'generate' here means that officegen will destroy this entry in the files list after finishing to generate the document.","\t\t\t}","\t\t);","\t} // Endif.","}","","//","// Resource generating callbacks:","//","","/**"," * Create the endnotes resource."," *"," * @param {object} data Data needed to generate this resource."," * @return Text string."," */","MakeHeadfootPlugin.prototype.cbEndNotes = function ( data ) {","\treturn this.msPluginsApi.cbMakeMsOfficeBasicXml ( data ) + '<w:endnotes xmlns:ve=\"http://schemas.openxmlformats.org/markup-compatibility/2006\" xmlns:o=\"urn:schemas-microsoft-com:office:office\" xmlns:r=\"http://schemas.openxmlformats.org/officeDocument/2006/relationships\" xmlns:m=\"http://schemas.openxmlformats.org/officeDocument/2006/math\" xmlns:v=\"urn:schemas-microsoft-com:vml\" xmlns:wp=\"http://schemas.openxmlformats.org/drawingml/2006/wordprocessingDrawing\" xmlns:w10=\"urn:schemas-microsoft-com:office:word\" xmlns:w=\"http://schemas.openxmlformats.org/wordprocessingml/2006/main\" xmlns:wne=\"http://schemas.microsoft.com/office/word/2006/wordml\"><w:endnote w:type=\"separator\" w:id=\"-1\"><w:p w:rsidR=\"002E67D7\" w:rsidRDefault=\"002E67D7\" w:rsidP=\"009F2180\"><w:pPr><w:spacing w:after=\"0\" w:line=\"240\" w:lineRule=\"auto\"/></w:pPr><w:r><w:separator/></w:r></w:p></w:endnote><w:endnote w:type=\"continuationSeparator\" w:id=\"0\"><w:p w:rsidR=\"002E67D7\" w:rsidRDefault=\"002E67D7\" w:rsidP=\"009F2180\"><w:pPr><w:spacing w:after=\"0\" w:line=\"240\" w:lineRule=\"auto\"/></w:pPr><w:r><w:continuationSeparator/></w:r></w:p></w:endnote></w:endnotes>';","}","","/**"," * Create the footnotes resource."," *"," * @param {object} data Data needed to generate this resource."," * @return Text string."," */","MakeHeadfootPlugin.prototype.cbFootNotes = function ( data ) {","\treturn this.msPluginsApi.cbMakeMsOfficeBasicXml ( data ) + '<w:footnotes xmlns:ve=\"http://schemas.openxmlformats.org/markup-compatibility/2006\" xmlns:o=\"urn:schemas-microsoft-com:office:office\" xmlns:r=\"http://schemas.openxmlformats.org/officeDocument/2006/relationships\" xmlns:m=\"http://schemas.openxmlformats.org/officeDocument/2006/math\" xmlns:v=\"urn:schemas-microsoft-com:vml\" xmlns:wp=\"http://schemas.openxmlformats.org/drawingml/2006/wordprocessingDrawing\" xmlns:w10=\"urn:schemas-microsoft-com:office:word\" xmlns:w=\"http://schemas.openxmlformats.org/wordprocessingml/2006/main\" xmlns:wne=\"http://schemas.microsoft.com/office/word/2006/wordml\"><w:footnote w:type=\"separator\" w:id=\"-1\"><w:p w:rsidR=\"002E67D7\" w:rsidRDefault=\"002E67D7\" w:rsidP=\"009F2180\"><w:pPr><w:spacing w:after=\"0\" w:line=\"240\" w:lineRule=\"auto\"/></w:pPr><w:r><w:separator/></w:r></w:p></w:footnote><w:footnote w:type=\"continuationSeparator\" w:id=\"0\"><w:p w:rsidR=\"002E67D7\" w:rsidRDefault=\"002E67D7\" w:rsidP=\"009F2180\"><w:pPr><w:spacing w:after=\"0\" w:line=\"240\" w:lineRule=\"auto\"/></w:pPr><w:r><w:continuationSeparator/></w:r></w:p></w:footnote></w:footnotes>';","}","","module.exports = MakeHeadfootPlugin;",""],"l":{"31":1,"41":1,"42":0,"43":0,"44":0,"45":0,"46":0,"47":0,"48":0,"56":1,"58":0,"68":1,"69":0,"72":0,"73":0,"76":0,"77":0,"78":0,"80":0,"82":0,"83":0,"84":0,"85":0,"86":0,"87":0,"94":0,"97":0,"99":0,"110":1,"111":0,"113":0,"114":0,"115":0,"116":0,"120":0,"121":0,"122":0,"125":0,"126":0,"129":0,"130":0,"131":0,"132":0,"136":0,"137":0,"138":0,"141":0,"142":0,"150":1,"151":0,"153":0,"154":0,"155":0,"158":0,"160":0,"163":0,"166":0,"169":0,"172":0,"175":0,"178":0,"181":0,"185":0,"190":0,"192":0,"197":0,"199":0,"204":0,"206":0,"211":0,"213":0,"218":0,"220":0,"225":0,"227":0,"233":0,"240":0,"241":0,"242":0,"243":0,"244":0,"245":0,"248":0,"303":1,"304":0,"313":1,"314":0,"317":1}},"/home/travis/build/npmtest/node-npmtest-officegen/node_modules/officegen/Gruntfile.js":{"path":"/home/travis/build/npmtest/node-npmtest-officegen/node_modules/officegen/Gruntfile.js","s":{"1":1,"2":1,"3":0,"4":1,"5":0,"6":0,"7":0,"8":0,"9":0,"10":0,"11":0,"12":0},"b":{},"f":{"1":0,"2":0,"3":0},"fnMap":{"1":{"name":"(anonymous_1)","line":7,"loc":{"start":{"line":7,"column":17},"end":{"line":7,"column":36}}},"2":{"name":"lastModified","line":11,"loc":{"start":{"line":11,"column":1},"end":{"line":11,"column":35}}},"3":{"name":"(anonymous_3)","line":12,"loc":{"start":{"line":12,"column":9},"end":{"line":12,"column":31}}}},"statementMap":{"1":{"start":{"line":1,"column":0},"end":{"line":1,"column":30}},"2":{"start":{"line":7,"column":0},"end":{"line":87,"column":2}},"3":{"start":{"line":9,"column":1},"end":{"line":9,"column":36}},"4":{"start":{"line":11,"column":1},"end":{"line":17,"column":2}},"5":{"start":{"line":12,"column":2},"end":{"line":16,"column":4}},"6":{"start":{"line":13,"column":3},"end":{"line":13,"column":66}},"7":{"start":{"line":14,"column":3},"end":{"line":14,"column":80}},"8":{"start":{"line":15,"column":3},"end":{"line":15,"column":32}},"9":{"start":{"line":19,"column":1},"end":{"line":61,"column":4}},"10":{"start":{"line":73,"column":1},"end":{"line":75,"column":4}},"11":{"start":{"line":85,"column":1},"end":{"line":85,"column":47}},"12":{"start":{"line":86,"column":1},"end":{"line":86,"column":38}}},"branchMap":{},"code":["var path = require ( 'path' );","","/**"," * List of grunt tasks."," * @namespace gruntfile"," */","module.exports = function ( grunt ) {","\t// We are checking how much time took each grunt task:","\trequire ( 'time-grunt' ) ( grunt );","","\tfunction lastModified ( minutes ) {","\t\treturn function ( filepath ) {","\t\t\tvar filemod = ( require ( 'fs' ).statSync ( filepath ) ).mtime;","\t\t\tvar timeago = ( curDate ).setMinutes ( ( curDate ).getMinutes () - minutes );","\t\t\treturn ( filemod > timeago );","\t\t};","\t}","","\tgrunt.initConfig ({","\t\tpkg: grunt.file.readJSON ( 'package.json' ),","","\t\tjshint: {","\t\t\tfiles: {","\t\t\t\t// List of all the source files to test:","\t\t\t\tsrc: [","\t\t\t\t\t'gruntfile.js',","\t\t\t\t\t'index.js',","\t\t\t\t\t'lib/**/*.js'","\t\t\t\t],","","\t\t\t\t// Run only on files been modified on the last day:","\t\t\t\t// filter: lastModified ( 24 * 60 )","\t\t\t},","","\t\t\t// Configure JSHint (documented at http://www.jshint.com/docs/):","\t\t\toptions: {","\t\t\t\tevil: false,","\t\t\t\tmultistr: true, // We need to take care about it.","\t\t\t\tglobals: {","\t\t\t\t\tconsole: true,","\t\t\t\t\tmodule: true","\t\t\t\t}","\t\t\t}","\t\t},","","\t\tjsdoc : {","\t\t\tdist : {","\t\t\t\tsrc: [","\t\t\t\t\t'gruntfile.js',","\t\t\t\t\t'index.js',","\t\t\t\t\t'lib/**/*.js'","\t\t\t\t],","\t\t\t\toptions: {","\t\t\t\t\tdestination: 'doc',","\t\t\t\t\tpackage: 'package.json',","\t\t\t\t\treadme: 'README.md',","\t\t\t\t\ttemplate: './node_modules/jaguarjs-jsdoc'","\t\t\t\t}","\t\t\t}","\t\t}","\t});","","\t//","\t// The default task:","\t//","","\t/**","\t * The default grunt task.","\t * @name default","\t * @memberof gruntfile","\t * @kind function","\t */","\tgrunt.registerTask ( 'default', [","\t\t'jshint'","\t]);","","\t//","\t// More Grunt tasks:","\t//","","\t//","\t// Load all the modules that we need:","\t//","","\tgrunt.loadNpmTasks ( 'grunt-contrib-jshint' );","\tgrunt.loadNpmTasks ( 'grunt-jsdoc' );","};",""],"l":{"1":1,"7":1,"9":0,"11":1,"12":0,"13":0,"14":0,"15":0,"19":0,"73":0,"85":0,"86":0}},"/home/travis/build/npmtest/node-npmtest-officegen/node_modules/officegen/lib/openofficegen.js":{"path":"/home/travis/build/npmtest/node-npmtest-officegen/node_modules/officegen/lib/openofficegen.js","s":{"1":1,"2":1,"3":0,"4":0,"5":0,"6":1,"7":0,"8":0,"9":0,"10":0,"11":0,"12":0,"13":0,"14":0,"15":0,"16":0,"17":0,"18":0,"19":0,"20":0,"21":0,"22":0,"23":1,"24":1},"b":{"1":[0,0]},"f":{"1":0,"2":0,"3":0,"4":0,"5":0},"fnMap":{"1":{"name":"makeoodoc","line":50,"loc":{"start":{"line":50,"column":0},"end":{"line":50,"column":73}}},"2":{"name":"(anonymous_2)","line":60,"loc":{"start":{"line":60,"column":60},"end":{"line":60,"column":78}}},"3":{"name":"makeOpenOfficeMimeType","line":77,"loc":{"start":{"line":77,"column":1},"end":{"line":77,"column":42}}},"4":{"name":"(anonymous_4)","line":90,"loc":{"start":{"line":90,"column":50},"end":{"line":90,"column":68}}},"5":{"name":"(anonymous_5)","line":115,"loc":{"start":{"line":115,"column":57},"end":{"line":115,"column":88}}}},"statementMap":{"1":{"start":{"line":35,"column":0},"end":{"line":35,"column":39}},"2":{"start":{"line":50,"column":0},"end":{"line":151,"column":1}},"3":{"start":{"line":60,"column":1},"end":{"line":62,"column":3}},"4":{"start":{"line":61,"column":2},"end":{"line":61,"column":52}},"5":{"start":{"line":66,"column":1},"end":{"line":66,"column":40}},"6":{"start":{"line":77,"column":1},"end":{"line":79,"column":2}},"7":{"start":{"line":78,"column":2},"end":{"line":78,"column":85}},"8":{"start":{"line":90,"column":1},"end":{"line":103,"column":3}},"9":{"start":{"line":91,"column":2},"end":{"line":91,"column":84}},"10":{"start":{"line":92,"column":2},"end":{"line":92,"column":130}},"11":{"start":{"line":95,"column":2},"end":{"line":99,"column":3}},"12":{"start":{"line":96,"column":3},"end":{"line":98,"column":4}},"13":{"start":{"line":97,"column":4},"end":{"line":97,"column":132}},"14":{"start":{"line":101,"column":2},"end":{"line":101,"column":40}},"15":{"start":{"line":102,"column":2},"end":{"line":102,"column":19}},"16":{"start":{"line":115,"column":1},"end":{"line":148,"column":3}},"17":{"start":{"line":116,"column":2},"end":{"line":116,"column":49}},"18":{"start":{"line":117,"column":2},"end":{"line":117,"column":36}},"19":{"start":{"line":119,"column":2},"end":{"line":140,"column":4}},"20":{"start":{"line":142,"column":2},"end":{"line":142,"column":106}},"21":{"start":{"line":143,"column":2},"end":{"line":143,"column":165}},"22":{"start":{"line":150,"column":1},"end":{"line":150,"column":13}},"23":{"start":{"line":153,"column":0},"end":{"line":153,"column":95}},"24":{"start":{"line":155,"column":0},"end":{"line":155,"column":30}}},"branchMap":{"1":{"line":96,"type":"if","locations":[{"start":{"line":96,"column":3},"end":{"line":96,"column":3}},{"start":{"line":96,"column":3},"end":{"line":96,"column":3}}]}},"code":["//","// officegen: basic OpenOffice common code","//","// Please refer to README.md for this module's documentations.","//","// NOTE:","// - Before changing this code please refer to the hacking the code section on README.md.","//","// Copyright (c) 2013 Ziv Barber;","//","// Permission is hereby granted, free of charge, to any person obtaining","// a copy of this software and associated documentation files (the","// 'Software'), to deal in the Software without restriction, including","// without limitation the rights to use, copy, modify, merge, publish,","// distribute, sublicense, and/or sell copies of the Software, and to","// permit persons to whom the Software is furnished to do so, subject to","// the following conditions:","//","// The above copyright notice and this permission notice shall be","// included in all copies or substantial portions of the Software.","//","// THE SOFTWARE IS PROVIDED 'AS IS', WITHOUT WARRANTY OF ANY KIND,","// EXPRESS OR IMPLIED, INCLUDING BUT NOT LIMITED TO THE WARRANTIES OF","// MERCHANTABILITY, FITNESS FOR A PARTICULAR PURPOSE AND NONINFRINGEMENT.","// IN NO EVENT SHALL THE AUTHORS OR COPYRIGHT HOLDERS BE LIABLE FOR ANY","// CLAIM, DAMAGES OR OTHER LIABILITY, WHETHER IN AN ACTION OF CONTRACT,","// TORT OR OTHERWISE, ARISING FROM, OUT OF OR IN CONNECTION WITH THE","// SOFTWARE OR THE USE OR OTHER DEALINGS IN THE SOFTWARE.","//","","/**"," * Basicgen common utilities used by any document type related to Open Office."," */","","var baseobj = require(\"./basicgen.js\");","","/**"," * Extend officegen object with OpenOffice support."," *"," * This method extending the given officegen object with the common OpenOffice code."," *"," * @param {object} genobj The object to extend."," * @param {object} new_type The type of object to create."," * @param {object} options The object's options."," * @param {object} gen_private Access to the internals of this object."," * @param {object} type_info Additional information about this type."," * @constructor"," * @name makeoodoc"," */","function makeoodoc ( genobj, new_type, options, gen_private, type_info ) {","\t/**","\t * Get the string that opening every Office XML type.","\t * <br /><br />","\t *","\t * Every OpenOffice XML resource will have this header at the begining of the file.","\t *","\t * @param {object} data Ignored by this callback function.","\t * @return Text string.","\t */","\tgen_private.plugs.type.openoffice.makeOpenOfficeBasicXml = function ( data ) {","\t\treturn '<?xml version=\"1.0\" encoding=\"UTF-8\"?>\\n';","\t};","","\t// Basic API for plugins:","","\tgen_private.plugs.type.openoffice = {};","","\t/**","\t * Create the mimetpe resource.","\t * <br /><br />","\t *","\t * Every OpenOffice based document must have this resource.","\t *","\t * @param {object} data Ignored by this callback function.","\t * @return Text string.","\t */","\tfunction makeOpenOfficeMimeType ( data ) {","\t\treturn 'application/vnd.oasis.opendocument.' + gen_private.mixed.res_data.mimeType;","\t}","","\t/**","\t * Generate the manifest XML resource.","\t * <br /><br />","\t *","\t * Tbis function creating the manifest resource.","\t *","\t * @param {object} data Array filled with all the resources information.","\t * @return Text string.","\t */","\tgen_private.plugs.type.openoffice.makeManifest = function ( data ) {","\t\tvar outString = gen_private.plugs.type.openoffice.makeOpenOfficeBasicXml ( data );","\t\toutString += '<manifest:manifest xmlns:manifest=\"urn:oasis:names:tc:opendocument:xmlns:manifest:1.0\" manifest:version=\"1.2\">\\n';","","\t\t// Add all the rels records inside the data array:","\t\tfor ( var i = 0, total_size = data.length; i < total_size; i++ ) {","\t\t\tif ( typeof data[i] != 'undefined' ) {","\t\t\t\toutString += ' <manifest:file-entry manifest:media-type=\"' + data[i].type + '\" manifest:full-path=\"' + data[i].target + '\"/>\\n';","\t\t\t} // Endif.","\t\t} // End of for loop.","","\t\toutString += '</manifest:manifest>\\n';","\t\treturn outString;","\t};","","\t/**","\t * Prepare the officegen object to OpenOffice documents.","\t * <br /><br />","\t *","\t * Every plugin that implementing gemenrating OpenOffice document must call this method to initialize ","\t * the common stuff.","\t *","\t * @param {object} mimeType The mime type of this document.","\t * @param {object} ext_opt Optional settings (unused right now).","\t */","\tgen_private.plugs.type.openoffice.makeOfficeGenerator = function ( mimeType, ext_opt ) {","\t\tgen_private.mixed.res_data.mimeType = mimeType;","\t\tgen_private.mixed.files_list = [];","","\t\tgen_private.mixed.files_list.push (","\t\t\t{","\t\t\t\tname: 'content.xml',","\t\t\t\ttype: 'text/xml'","\t\t\t},","\t\t\t{","\t\t\t\tname: 'settings.xml',","\t\t\t\ttype: 'text/xml'","\t\t\t},","\t\t\t{","\t\t\t\tname: 'styles.xml',","\t\t\t\ttype: 'text/xml'","\t\t\t},","\t\t\t{","\t\t\t\tname: 'manifest.rdf',","\t\t\t\ttype: 'application/rdf+xml'","\t\t\t},","\t\t\t{","\t\t\t\tname: 'meta.xml',","\t\t\t\ttype: 'text/xml'","\t\t\t}","\t\t);","","\t\tgen_private.plugs.intAddAnyResourceToParse ( 'mimetype', 'buffer', null, makeOpenOfficeMimeType, true );","\t\tgen_private.plugs.intAddAnyResourceToParse ( 'META-INF\\\\manifest.xml', 'buffer', gen_private.mixed.rels_main, gen_private.plugs.type.openoffice.cbMakeRels, true );","\t\t// gen_private.plugs.intAddAnyResourceToParse ( 'settings.xml', 'buffer', null, make???, true );","\t\t// gen_private.plugs.intAddAnyResourceToParse ( 'styles.xml', 'buffer', null, make???, true );","\t\t// gen_private.plugs.intAddAnyResourceToParse ( 'manifest.rdf', 'buffer', null, make???, true );","\t\t// gen_private.plugs.intAddAnyResourceToParse ( 'meta.xml', 'buffer', null, make???, true );","\t};","","\treturn this;","}","","baseobj.plugins.registerPrototype ( 'openoffice', makeoodoc, 'OpenOffice Document Prototype' );","","exports.makeoodoc = makeoodoc;","",""],"l":{"35":1,"50":1,"60":0,"61":0,"66":0,"77":1,"78":0,"90":0,"91":0,"92":0,"95":0,"96":0,"97":0,"101":0,"102":0,"115":0,"116":0,"117":0,"119":0,"142":0,"143":0,"150":0,"153":1,"155":1}}}